2015-06-09 04:36:34,608 - tests.smoke.smoke.testReset - INFO - [36m[1mRunning tests.smoke.smoke.testReset
2015-06-09 04:36:36,617 - tests.smoke.smoke.testReset - INFO - [36m[1mDone with tests.smoke.smoke.testReset
2015-06-09 04:36:36,619 - tests.smoke.smoke.testReset2ShiftIR - INFO - [36m[1mRunning tests.smoke.smoke.testReset2ShiftIR
2015-06-09 04:36:40,637 - tests.smoke.smoke.testReset2ShiftIR - INFO - [36m[1mDone with tests.smoke.smoke.testReset2ShiftIR
2015-06-09 04:38:17,954 - tests.smoke.smoke.testReset - INFO - [36m[1mRunning tests.smoke.smoke.testReset
2015-06-09 04:38:19,962 - tests.smoke.smoke.testReset - INFO - [36m[1mDone with tests.smoke.smoke.testReset
2015-06-09 04:38:19,965 - tests.smoke.smoke.testReset2ShiftIR - INFO - [36m[1mRunning tests.smoke.smoke.testReset2ShiftIR
2015-06-09 04:38:23,979 - tests.smoke.smoke.testReset2ShiftIR - INFO - [36m[1mDone with tests.smoke.smoke.testReset2ShiftIR
2015-06-09 04:40:34,629 - tests.smoke.smoke.testReset - INFO - [36m[1mRunning tests.smoke.smoke.testReset
2015-06-09 04:40:36,637 - tests.smoke.smoke.testReset - INFO - [36m[1mDone with tests.smoke.smoke.testReset
2015-06-09 04:40:36,639 - tests.smoke.smoke.testReset2ShiftIR - INFO - [36m[1mRunning tests.smoke.smoke.testReset2ShiftIR
2015-06-09 04:40:40,654 - tests.smoke.smoke.testReset2ShiftIR - INFO - [36m[1mDone with tests.smoke.smoke.testReset2ShiftIR
2015-06-09 04:44:12,506 - tests.smoke.smoke.testReset - INFO - [36m[1mRunning tests.smoke.smoke.testReset
2015-06-09 04:44:14,515 - tests.smoke.smoke.testReset - INFO - [36m[1mDone with tests.smoke.smoke.testReset
2015-06-09 04:44:14,518 - tests.smoke.smoke.testReset2ShiftIR - INFO - [36m[1mRunning tests.smoke.smoke.testReset2ShiftIR
2015-06-09 04:44:18,530 - tests.smoke.smoke.testReset2ShiftIR - INFO - [36m[1mDone with tests.smoke.smoke.testReset2ShiftIR
2015-06-09 04:46:32,998 - tests.smoke.smoke.testReset - INFO - [36m[1mRunning tests.smoke.smoke.testReset
2015-06-09 04:46:33,003 - tests.smoke.smoke.testReset2ShiftIR - INFO - [36m[1mRunning tests.smoke.smoke.testReset2ShiftIR
2015-06-09 04:47:44,744 - tests.smoke.smoke.testReset - INFO - [36m[1mRunning tests.smoke.smoke.testReset
2015-06-09 04:47:46,752 - tests.smoke.smoke.testReset - INFO - [36m[1mDone with tests.smoke.smoke.testReset
2015-06-09 04:47:46,754 - tests.smoke.smoke.testReset2ShiftIR - INFO - [36m[1mRunning tests.smoke.smoke.testReset2ShiftIR
2015-06-09 04:47:50,767 - tests.smoke.smoke.testReset2ShiftIR - INFO - [36m[1mDone with tests.smoke.smoke.testReset2ShiftIR
2015-06-09 04:48:45,542 - tests.smoke.smoke.testReset - INFO - [36m[1mRunning tests.smoke.smoke.testReset
2015-06-09 04:48:45,746 - /home/pi/tap/common/loopback.py - INFO - TMS: 1, TCK: 1
2015-06-09 04:48:46,147 - /home/pi/tap/common/loopback.py - INFO - TMS: 1, TCK: 1
2015-06-09 04:48:46,548 - /home/pi/tap/common/loopback.py - INFO - TMS: 1, TCK: 1
2015-06-09 04:48:46,948 - /home/pi/tap/common/loopback.py - INFO - TMS: 1, TCK: 1
2015-06-09 04:48:47,349 - /home/pi/tap/common/loopback.py - INFO - TMS: 1, TCK: 1
2015-06-09 04:48:47,550 - tests.smoke.smoke.testReset - INFO - [36m[1mDone with tests.smoke.smoke.testReset
2015-06-09 04:48:47,552 - tests.smoke.smoke.testReset2ShiftIR - INFO - [36m[1mRunning tests.smoke.smoke.testReset2ShiftIR
2015-06-09 04:48:47,759 - /home/pi/tap/common/loopback.py - INFO - TMS: 1, TCK: 1
2015-06-09 04:48:48,160 - /home/pi/tap/common/loopback.py - INFO - TMS: 1, TCK: 1
2015-06-09 04:48:48,561 - /home/pi/tap/common/loopback.py - INFO - TMS: 1, TCK: 1
2015-06-09 04:48:48,961 - /home/pi/tap/common/loopback.py - INFO - TMS: 1, TCK: 1
2015-06-09 04:48:49,362 - /home/pi/tap/common/loopback.py - INFO - TMS: 1, TCK: 1
2015-06-09 04:48:49,763 - /home/pi/tap/common/loopback.py - INFO - TMS: 0, TCK: 1
2015-06-09 04:48:50,164 - /home/pi/tap/common/loopback.py - INFO - TMS: 1, TCK: 1
2015-06-09 04:48:50,565 - /home/pi/tap/common/loopback.py - INFO - TMS: 1, TCK: 1
2015-06-09 04:48:50,965 - /home/pi/tap/common/loopback.py - INFO - TMS: 0, TCK: 1
2015-06-09 04:48:51,366 - /home/pi/tap/common/loopback.py - INFO - TMS: 0, TCK: 1
2015-06-09 04:48:51,567 - tests.smoke.smoke.testReset2ShiftIR - INFO - [36m[1mDone with tests.smoke.smoke.testReset2ShiftIR
2015-06-09 04:49:34,484 - tests.smoke.smoke.testReset - INFO - [36m[1mRunning tests.smoke.smoke.testReset
2015-06-09 04:49:34,688 - /home/pi/tap/common/loopback.py - INFO - TMS: 1, TCK: 1
2015-06-09 04:49:34,690 - /home/pi/tap/common/loopback.py - INFO - Test_Logic_Reset
2015-06-09 04:49:35,089 - /home/pi/tap/common/loopback.py - INFO - TMS: 1, TCK: 1
2015-06-09 04:49:35,091 - /home/pi/tap/common/loopback.py - INFO - Test_Logic_Reset
2015-06-09 04:49:35,490 - /home/pi/tap/common/loopback.py - INFO - TMS: 1, TCK: 1
2015-06-09 04:49:35,491 - /home/pi/tap/common/loopback.py - INFO - Test_Logic_Reset
2015-06-09 04:49:35,891 - /home/pi/tap/common/loopback.py - INFO - TMS: 1, TCK: 1
2015-06-09 04:49:35,892 - /home/pi/tap/common/loopback.py - INFO - Test_Logic_Reset
2015-06-09 04:49:36,291 - /home/pi/tap/common/loopback.py - INFO - TMS: 1, TCK: 1
2015-06-09 04:49:36,293 - /home/pi/tap/common/loopback.py - INFO - Test_Logic_Reset
2015-06-09 04:49:36,492 - tests.smoke.smoke.testReset - INFO - [36m[1mDone with tests.smoke.smoke.testReset
2015-06-09 04:49:36,494 - tests.smoke.smoke.testReset2ShiftIR - INFO - [36m[1mRunning tests.smoke.smoke.testReset2ShiftIR
2015-06-09 04:49:36,697 - /home/pi/tap/common/loopback.py - INFO - TMS: 1, TCK: 1
2015-06-09 04:49:36,699 - /home/pi/tap/common/loopback.py - INFO - Test_Logic_Reset
2015-06-09 04:49:37,098 - /home/pi/tap/common/loopback.py - INFO - TMS: 1, TCK: 1
2015-06-09 04:49:37,100 - /home/pi/tap/common/loopback.py - INFO - Test_Logic_Reset
2015-06-09 04:49:37,499 - /home/pi/tap/common/loopback.py - INFO - TMS: 1, TCK: 1
2015-06-09 04:49:37,500 - /home/pi/tap/common/loopback.py - INFO - Test_Logic_Reset
2015-06-09 04:49:37,899 - /home/pi/tap/common/loopback.py - INFO - TMS: 1, TCK: 1
2015-06-09 04:49:37,901 - /home/pi/tap/common/loopback.py - INFO - Test_Logic_Reset
2015-06-09 04:49:38,300 - /home/pi/tap/common/loopback.py - INFO - TMS: 1, TCK: 1
2015-06-09 04:49:38,302 - /home/pi/tap/common/loopback.py - INFO - Test_Logic_Reset
2015-06-09 04:49:38,701 - /home/pi/tap/common/loopback.py - INFO - TMS: 0, TCK: 1
2015-06-09 04:49:38,702 - /home/pi/tap/common/loopback.py - INFO - Run_Test_Idle
2015-06-09 04:49:39,102 - /home/pi/tap/common/loopback.py - INFO - TMS: 1, TCK: 1
2015-06-09 04:49:39,104 - /home/pi/tap/common/loopback.py - INFO - Select_DR_Scan
2015-06-09 04:49:39,503 - /home/pi/tap/common/loopback.py - INFO - TMS: 1, TCK: 1
2015-06-09 04:49:39,504 - /home/pi/tap/common/loopback.py - INFO - Select_IR_Scan
2015-06-09 04:49:39,904 - /home/pi/tap/common/loopback.py - INFO - TMS: 0, TCK: 1
2015-06-09 04:49:39,905 - /home/pi/tap/common/loopback.py - INFO - Capture_IR
2015-06-09 04:49:40,304 - /home/pi/tap/common/loopback.py - INFO - TMS: 0, TCK: 1
2015-06-09 04:49:40,306 - /home/pi/tap/common/loopback.py - INFO - Shift_IR
2015-06-09 04:49:40,506 - tests.smoke.smoke.testReset2ShiftIR - INFO - [36m[1mDone with tests.smoke.smoke.testReset2ShiftIR
2015-06-09 04:49:42,617 - tests.smoke.smoke.testReset - INFO - [36m[1mRunning tests.smoke.smoke.testReset
2015-06-09 04:49:42,821 - /home/pi/tap/common/loopback.py - INFO - TMS: 1, TCK: 1
2015-06-09 04:49:42,823 - /home/pi/tap/common/loopback.py - INFO - Test_Logic_Reset
2015-06-09 04:49:43,222 - /home/pi/tap/common/loopback.py - INFO - TMS: 1, TCK: 1
2015-06-09 04:49:43,224 - /home/pi/tap/common/loopback.py - INFO - Test_Logic_Reset
2015-06-09 04:49:43,623 - /home/pi/tap/common/loopback.py - INFO - TMS: 1, TCK: 1
2015-06-09 04:49:43,624 - /home/pi/tap/common/loopback.py - INFO - Test_Logic_Reset
2015-06-09 04:49:44,024 - /home/pi/tap/common/loopback.py - INFO - TMS: 1, TCK: 1
2015-06-09 04:49:44,025 - /home/pi/tap/common/loopback.py - INFO - Test_Logic_Reset
2015-06-09 04:49:44,425 - /home/pi/tap/common/loopback.py - INFO - TMS: 1, TCK: 1
2015-06-09 04:49:44,426 - /home/pi/tap/common/loopback.py - INFO - Test_Logic_Reset
2015-06-09 04:49:44,625 - tests.smoke.smoke.testReset - INFO - [36m[1mDone with tests.smoke.smoke.testReset
2015-06-09 04:49:44,628 - tests.smoke.smoke.testReset2ShiftIR - INFO - [36m[1mRunning tests.smoke.smoke.testReset2ShiftIR
2015-06-09 04:49:44,831 - /home/pi/tap/common/loopback.py - INFO - TMS: 1, TCK: 1
2015-06-09 04:49:44,833 - /home/pi/tap/common/loopback.py - INFO - Test_Logic_Reset
2015-06-09 04:49:45,232 - /home/pi/tap/common/loopback.py - INFO - TMS: 1, TCK: 1
2015-06-09 04:49:45,234 - /home/pi/tap/common/loopback.py - INFO - Test_Logic_Reset
2015-06-09 04:49:45,633 - /home/pi/tap/common/loopback.py - INFO - TMS: 1, TCK: 1
2015-06-09 04:49:45,634 - /home/pi/tap/common/loopback.py - INFO - Test_Logic_Reset
2015-06-09 04:49:46,034 - /home/pi/tap/common/loopback.py - INFO - TMS: 1, TCK: 1
2015-06-09 04:49:46,035 - /home/pi/tap/common/loopback.py - INFO - Test_Logic_Reset
2015-06-09 04:49:46,435 - /home/pi/tap/common/loopback.py - INFO - TMS: 1, TCK: 1
2015-06-09 04:49:46,436 - /home/pi/tap/common/loopback.py - INFO - Test_Logic_Reset
2015-06-09 04:49:46,835 - /home/pi/tap/common/loopback.py - INFO - TMS: 0, TCK: 1
2015-06-09 04:49:46,837 - /home/pi/tap/common/loopback.py - INFO - Run_Test_Idle
2015-06-09 04:49:47,236 - /home/pi/tap/common/loopback.py - INFO - TMS: 1, TCK: 1
2015-06-09 04:49:47,238 - /home/pi/tap/common/loopback.py - INFO - Select_DR_Scan
2015-06-09 04:49:47,637 - /home/pi/tap/common/loopback.py - INFO - TMS: 1, TCK: 1
2015-06-09 04:49:47,639 - /home/pi/tap/common/loopback.py - INFO - Select_IR_Scan
2015-06-09 04:49:48,038 - /home/pi/tap/common/loopback.py - INFO - TMS: 0, TCK: 1
2015-06-09 04:49:48,041 - /home/pi/tap/common/loopback.py - INFO - Capture_IR
2015-06-09 04:49:48,438 - /home/pi/tap/common/loopback.py - INFO - TMS: 0, TCK: 1
2015-06-09 04:49:48,440 - /home/pi/tap/common/loopback.py - INFO - Shift_IR
2015-06-09 04:49:48,639 - tests.smoke.smoke.testReset2ShiftIR - INFO - [36m[1mDone with tests.smoke.smoke.testReset2ShiftIR
2015-06-09 04:50:28,531 - tests.smoke.smoke.testReset - INFO - [36m[1mRunning tests.smoke.smoke.testReset
2015-06-09 04:50:28,735 - /home/pi/tap/common/loopback.py - INFO - TMS: 1, TCK: 1
2015-06-09 04:50:28,737 - /home/pi/tap/common/loopback.py - INFO - Test_Logic_Reset
2015-06-09 04:50:29,136 - /home/pi/tap/common/loopback.py - INFO - TMS: 1, TCK: 1
2015-06-09 04:50:29,138 - /home/pi/tap/common/loopback.py - INFO - Test_Logic_Reset
2015-06-09 04:50:29,537 - /home/pi/tap/common/loopback.py - INFO - TMS: 1, TCK: 1
2015-06-09 04:50:29,539 - /home/pi/tap/common/loopback.py - INFO - Test_Logic_Reset
2015-06-09 04:50:29,937 - /home/pi/tap/common/loopback.py - INFO - TMS: 1, TCK: 1
2015-06-09 04:50:29,939 - /home/pi/tap/common/loopback.py - INFO - Test_Logic_Reset
2015-06-09 04:50:30,338 - /home/pi/tap/common/loopback.py - INFO - TMS: 1, TCK: 1
2015-06-09 04:50:30,340 - /home/pi/tap/common/loopback.py - INFO - Test_Logic_Reset
2015-06-09 04:50:30,539 - tests.smoke.smoke.testReset - INFO - [36m[1mDone with tests.smoke.smoke.testReset
2015-06-09 04:50:30,541 - tests.smoke.smoke.testReset2ShiftIR - INFO - [36m[1mRunning tests.smoke.smoke.testReset2ShiftIR
2015-06-09 04:50:30,745 - /home/pi/tap/common/loopback.py - INFO - TMS: 1, TCK: 1
2015-06-09 04:50:30,747 - /home/pi/tap/common/loopback.py - INFO - Test_Logic_Reset
2015-06-09 04:50:31,145 - /home/pi/tap/common/loopback.py - INFO - TMS: 1, TCK: 1
2015-06-09 04:50:31,147 - /home/pi/tap/common/loopback.py - INFO - Test_Logic_Reset
2015-06-09 04:50:31,546 - /home/pi/tap/common/loopback.py - INFO - TMS: 1, TCK: 1
2015-06-09 04:50:31,548 - /home/pi/tap/common/loopback.py - INFO - Test_Logic_Reset
2015-06-09 04:50:31,947 - /home/pi/tap/common/loopback.py - INFO - TMS: 1, TCK: 1
2015-06-09 04:50:31,948 - /home/pi/tap/common/loopback.py - INFO - Test_Logic_Reset
2015-06-09 04:50:32,348 - /home/pi/tap/common/loopback.py - INFO - TMS: 1, TCK: 1
2015-06-09 04:50:32,349 - /home/pi/tap/common/loopback.py - INFO - Test_Logic_Reset
2015-06-09 04:50:32,748 - /home/pi/tap/common/loopback.py - INFO - TMS: 0, TCK: 1
2015-06-09 04:50:32,750 - /home/pi/tap/common/loopback.py - INFO - Run_Test_Idle
2015-06-09 04:50:33,149 - /home/pi/tap/common/loopback.py - INFO - TMS: 1, TCK: 1
2015-06-09 04:50:33,150 - /home/pi/tap/common/loopback.py - INFO - Select_DR_Scan
2015-06-09 04:50:33,550 - /home/pi/tap/common/loopback.py - INFO - TMS: 1, TCK: 1
2015-06-09 04:50:33,551 - /home/pi/tap/common/loopback.py - INFO - Select_IR_Scan
2015-06-09 04:50:33,950 - /home/pi/tap/common/loopback.py - INFO - TMS: 0, TCK: 1
2015-06-09 04:50:33,952 - /home/pi/tap/common/loopback.py - INFO - Capture_IR
2015-06-09 04:50:34,351 - /home/pi/tap/common/loopback.py - INFO - TMS: 0, TCK: 1
2015-06-09 04:50:34,353 - /home/pi/tap/common/loopback.py - INFO - Shift_IR
2015-06-09 04:50:34,552 - tests.smoke.smoke.testReset2ShiftIR - INFO - [36m[1mDone with tests.smoke.smoke.testReset2ShiftIR
2015-06-09 04:50:59,729 - tests.smoke.smoke.testReset - INFO - [36m[1mRunning tests.smoke.smoke.testReset
2015-06-09 04:50:59,933 - /home/pi/tap/common/loopback.py - INFO - Test_Logic_Reset
2015-06-09 04:51:00,334 - /home/pi/tap/common/loopback.py - INFO - Test_Logic_Reset
2015-06-09 04:51:00,734 - /home/pi/tap/common/loopback.py - INFO - Test_Logic_Reset
2015-06-09 04:51:01,135 - /home/pi/tap/common/loopback.py - INFO - Test_Logic_Reset
2015-06-09 04:51:01,536 - /home/pi/tap/common/loopback.py - INFO - Test_Logic_Reset
2015-06-09 04:51:01,737 - tests.smoke.smoke.testReset - INFO - [36m[1mDone with tests.smoke.smoke.testReset
2015-06-09 04:51:01,739 - tests.smoke.smoke.testReset2ShiftIR - INFO - [36m[1mRunning tests.smoke.smoke.testReset2ShiftIR
2015-06-09 04:51:01,943 - /home/pi/tap/common/loopback.py - INFO - Test_Logic_Reset
2015-06-09 04:51:02,343 - /home/pi/tap/common/loopback.py - INFO - Test_Logic_Reset
2015-06-09 04:51:02,744 - /home/pi/tap/common/loopback.py - INFO - Test_Logic_Reset
2015-06-09 04:51:03,145 - /home/pi/tap/common/loopback.py - INFO - Test_Logic_Reset
2015-06-09 04:51:03,546 - /home/pi/tap/common/loopback.py - INFO - Test_Logic_Reset
2015-06-09 04:51:03,946 - /home/pi/tap/common/loopback.py - INFO - Run_Test_Idle
2015-06-09 04:51:04,347 - /home/pi/tap/common/loopback.py - INFO - Select_DR_Scan
2015-06-09 04:51:04,748 - /home/pi/tap/common/loopback.py - INFO - Select_IR_Scan
2015-06-09 04:51:05,149 - /home/pi/tap/common/loopback.py - INFO - Capture_IR
2015-06-09 04:51:05,549 - /home/pi/tap/common/loopback.py - INFO - Shift_IR
2015-06-09 04:51:05,750 - tests.smoke.smoke.testReset2ShiftIR - INFO - [36m[1mDone with tests.smoke.smoke.testReset2ShiftIR
2015-06-09 04:53:00,346 - tests.smoke.smoke.testReset - INFO - [36m[1mRunning tests.smoke.smoke.testReset
2015-06-09 04:53:00,358 - tests.smoke.smoke.testReset2ShiftIR - INFO - [36m[1mRunning tests.smoke.smoke.testReset2ShiftIR
2015-06-09 04:53:36,146 - tests.smoke.smoke.testReset - INFO - [36m[1mRunning tests.smoke.smoke.testReset
2015-06-09 04:53:38,153 - tests.smoke.smoke.testReset - INFO - [36m[1mDone with tests.smoke.smoke.testReset
2015-06-09 04:53:38,155 - tests.smoke.smoke.testReset2ShiftIR - INFO - [36m[1mRunning tests.smoke.smoke.testReset2ShiftIR
2015-06-09 04:53:42,166 - tests.smoke.smoke.testReset2ShiftIR - INFO - [36m[1mDone with tests.smoke.smoke.testReset2ShiftIR
2015-06-09 05:00:59,907 - tests.smoke.smoke.testReset - INFO - [36m[1mRunning tests.smoke.smoke.testReset
2015-06-09 05:01:01,916 - tests.smoke.smoke.testReset - INFO - [36m[1mDone with tests.smoke.smoke.testReset
2015-06-09 05:01:01,919 - tests.smoke.smoke.testReset2ShiftIR - INFO - [36m[1mRunning tests.smoke.smoke.testReset2ShiftIR
2015-06-09 05:01:05,935 - tests.smoke.smoke.testReset2ShiftIR - INFO - [36m[1mDone with tests.smoke.smoke.testReset2ShiftIR
2015-06-09 05:02:15,529 - tests.smoke.smoke.testReset - INFO - [36m[1mRunning tests.smoke.smoke.testReset
2015-06-09 05:02:17,538 - tests.smoke.smoke.testReset - INFO - [36m[1mDone with tests.smoke.smoke.testReset
2015-06-09 05:02:17,540 - tests.smoke.smoke.testReset2ShiftIR - INFO - [36m[1mRunning tests.smoke.smoke.testReset2ShiftIR
2015-06-09 05:02:21,553 - tests.smoke.smoke.testReset2ShiftIR - INFO - [36m[1mDone with tests.smoke.smoke.testReset2ShiftIR
2015-06-09 05:03:28,725 - tests.smoke.smoke.testReset - INFO - [36m[1mRunning tests.smoke.smoke.testReset
2015-06-09 05:03:30,734 - tests.smoke.smoke.testReset - INFO - [36m[1mDone with tests.smoke.smoke.testReset
2015-06-09 05:03:30,735 - tests.smoke.smoke.testReset2ShiftIR - INFO - [36m[1mRunning tests.smoke.smoke.testReset2ShiftIR
2015-06-09 05:03:34,746 - tests.smoke.smoke.testReset2ShiftIR - INFO - [36m[1mDone with tests.smoke.smoke.testReset2ShiftIR
2015-06-09 05:05:59,820 - tests.smoke.smoke.testReset - INFO - [36m[1mRunning tests.smoke.smoke.testReset
2015-06-09 05:06:01,831 - tests.smoke.smoke.testReset - INFO - [36m[1mDone with tests.smoke.smoke.testReset
2015-06-09 05:06:01,833 - tests.smoke.smoke.testReset2ShiftIR - INFO - [36m[1mRunning tests.smoke.smoke.testReset2ShiftIR
2015-06-09 05:06:05,845 - tests.smoke.smoke.testReset2ShiftIR - INFO - [36m[1mDone with tests.smoke.smoke.testReset2ShiftIR
2015-06-09 05:06:34,039 - tests.smoke.smoke.testReset - INFO - [36m[1mRunning tests.smoke.smoke.testReset
2015-06-09 05:06:36,048 - tests.smoke.smoke.testReset - INFO - [36m[1mDone with tests.smoke.smoke.testReset
2015-06-09 05:06:36,050 - tests.smoke.smoke.testReset2ShiftIR - INFO - [36m[1mRunning tests.smoke.smoke.testReset2ShiftIR
2015-06-09 05:06:40,063 - tests.smoke.smoke.testReset2ShiftIR - INFO - [36m[1mDone with tests.smoke.smoke.testReset2ShiftIR
2015-06-09 05:08:00,871 - tests.smoke.smoke.testReset - INFO - [36m[1mRunning tests.smoke.smoke.testReset
2015-06-09 05:08:02,879 - tests.smoke.smoke.testReset - INFO - [36m[1mDone with tests.smoke.smoke.testReset
2015-06-09 05:08:02,881 - tests.smoke.smoke.testReset2ShiftIR - INFO - [36m[1mRunning tests.smoke.smoke.testReset2ShiftIR
2015-06-09 05:08:06,893 - tests.smoke.smoke.testReset2ShiftIR - INFO - [36m[1mDone with tests.smoke.smoke.testReset2ShiftIR
2015-06-09 05:08:57,790 - tests.smoke.smoke.testReset - INFO - [36m[1mRunning tests.smoke.smoke.testReset
2015-06-09 05:08:59,799 - tests.smoke.smoke.testReset - INFO - [36m[1mDone with tests.smoke.smoke.testReset
2015-06-09 05:08:59,803 - tests.smoke.smoke.testReset2ShiftIR - INFO - [36m[1mRunning tests.smoke.smoke.testReset2ShiftIR
2015-06-09 05:09:03,818 - tests.smoke.smoke.testReset2ShiftIR - INFO - [36m[1mDone with tests.smoke.smoke.testReset2ShiftIR
2015-06-09 05:10:38,849 - tests.smoke.smoke.testReset - INFO - [36m[1mRunning tests.smoke.smoke.testReset
2015-06-09 05:10:40,858 - tests.smoke.smoke.testReset - INFO - [36m[1mDone with tests.smoke.smoke.testReset
2015-06-09 05:10:40,860 - tests.smoke.smoke.testReset2ShiftIR - INFO - [36m[1mRunning tests.smoke.smoke.testReset2ShiftIR
2015-06-09 05:10:44,875 - tests.smoke.smoke.testReset2ShiftIR - INFO - [36m[1mDone with tests.smoke.smoke.testReset2ShiftIR
2015-06-09 05:12:18,534 - tests.smoke.smoke.testReset - INFO - [36m[1mRunning tests.smoke.smoke.testReset
2015-06-09 05:12:20,543 - tests.smoke.smoke.testReset - INFO - [36m[1mDone with tests.smoke.smoke.testReset
2015-06-09 05:12:20,545 - tests.smoke.smoke.testReset2ShiftIR - INFO - [36m[1mRunning tests.smoke.smoke.testReset2ShiftIR
2015-06-09 05:12:24,558 - tests.smoke.smoke.testReset2ShiftIR - INFO - [36m[1mDone with tests.smoke.smoke.testReset2ShiftIR
2015-06-09 05:13:14,487 - tests.smoke.smoke.testReset - INFO - [36m[1mRunning tests.smoke.smoke.testReset
2015-06-09 05:13:16,495 - tests.smoke.smoke.testReset - INFO - [36m[1mDone with tests.smoke.smoke.testReset
2015-06-09 05:13:16,497 - tests.smoke.smoke.testReset2ShiftIR - INFO - [36m[1mRunning tests.smoke.smoke.testReset2ShiftIR
2015-06-09 05:13:20,513 - tests.smoke.smoke.testReset2ShiftIR - INFO - [36m[1mDone with tests.smoke.smoke.testReset2ShiftIR
2015-06-09 05:13:39,724 - tests.smoke.smoke.testReset - INFO - [36m[1mRunning tests.smoke.smoke.testReset
2015-06-09 05:13:41,734 - tests.smoke.smoke.testReset - INFO - [36m[1mDone with tests.smoke.smoke.testReset
2015-06-09 05:13:41,737 - tests.smoke.smoke.testReset2ShiftIR - INFO - [36m[1mRunning tests.smoke.smoke.testReset2ShiftIR
2015-06-09 05:13:45,749 - tests.smoke.smoke.testReset2ShiftIR - INFO - [36m[1mDone with tests.smoke.smoke.testReset2ShiftIR
2015-06-09 05:14:54,091 - tests.smoke.smoke.testReset - INFO - [36m[1mRunning tests.smoke.smoke.testReset
2015-06-09 05:14:56,100 - tests.smoke.smoke.testReset - INFO - [36m[1mDone with tests.smoke.smoke.testReset
2015-06-09 05:14:56,102 - tests.smoke.smoke.testReset2ShiftIR - INFO - [36m[1mRunning tests.smoke.smoke.testReset2ShiftIR
2015-06-09 05:15:00,114 - tests.smoke.smoke.testReset2ShiftIR - INFO - [36m[1mDone with tests.smoke.smoke.testReset2ShiftIR
2015-06-09 05:15:05,660 - tests.smoke.smoke.testReset - INFO - [36m[1mRunning tests.smoke.smoke.testReset
2015-06-09 05:15:07,669 - tests.smoke.smoke.testReset - INFO - [36m[1mDone with tests.smoke.smoke.testReset
2015-06-09 05:15:07,671 - tests.smoke.smoke.testReset2ShiftIR - INFO - [36m[1mRunning tests.smoke.smoke.testReset2ShiftIR
2015-06-09 05:15:11,684 - tests.smoke.smoke.testReset2ShiftIR - INFO - [36m[1mDone with tests.smoke.smoke.testReset2ShiftIR
2015-06-09 05:15:58,046 - tests.smoke.smoke.testReset - INFO - [36m[1mRunning tests.smoke.smoke.testReset
2015-06-09 05:15:58,251 - /home/pi/tap/common/loopback.py - INFO - Test_Logic_Reset
2015-06-09 05:15:58,652 - /home/pi/tap/common/loopback.py - INFO - Test_Logic_Reset
2015-06-09 05:15:59,052 - /home/pi/tap/common/loopback.py - INFO - Test_Logic_Reset
2015-06-09 05:15:59,454 - /home/pi/tap/common/loopback.py - INFO - Test_Logic_Reset
2015-06-09 05:15:59,854 - /home/pi/tap/common/loopback.py - INFO - Test_Logic_Reset
2015-06-09 05:16:00,055 - tests.smoke.smoke.testReset - INFO - [36m[1mDone with tests.smoke.smoke.testReset
2015-06-09 05:16:00,057 - tests.smoke.smoke.testReset2ShiftIR - INFO - [36m[1mRunning tests.smoke.smoke.testReset2ShiftIR
2015-06-09 05:16:00,262 - /home/pi/tap/common/loopback.py - INFO - Test_Logic_Reset
2015-06-09 05:16:00,664 - /home/pi/tap/common/loopback.py - INFO - Test_Logic_Reset
2015-06-09 05:16:01,065 - /home/pi/tap/common/loopback.py - INFO - Test_Logic_Reset
2015-06-09 05:16:01,466 - /home/pi/tap/common/loopback.py - INFO - Test_Logic_Reset
2015-06-09 05:16:01,867 - /home/pi/tap/common/loopback.py - INFO - Test_Logic_Reset
2015-06-09 05:16:02,268 - /home/pi/tap/common/loopback.py - INFO - Run_Test_Idle
2015-06-09 05:16:02,668 - /home/pi/tap/common/loopback.py - INFO - Select_DR_Scan
2015-06-09 05:16:03,069 - /home/pi/tap/common/loopback.py - INFO - Select_IR_Scan
2015-06-09 05:16:03,470 - /home/pi/tap/common/loopback.py - INFO - Capture_IR
2015-06-09 05:16:03,871 - /home/pi/tap/common/loopback.py - INFO - Shift_IR
2015-06-09 05:16:04,072 - tests.smoke.smoke.testReset2ShiftIR - INFO - [36m[1mDone with tests.smoke.smoke.testReset2ShiftIR
2015-06-09 05:16:41,822 - tests.smoke.smoke.testReset - INFO - [36m[1mRunning tests.smoke.smoke.testReset
2015-06-09 05:16:42,027 - /home/pi/tap/common/loopback.py - INFO - Test_Logic_Reset
2015-06-09 05:16:42,428 - /home/pi/tap/common/loopback.py - INFO - Test_Logic_Reset
2015-06-09 05:16:42,828 - /home/pi/tap/common/loopback.py - INFO - Test_Logic_Reset
2015-06-09 05:16:43,229 - /home/pi/tap/common/loopback.py - INFO - Test_Logic_Reset
2015-06-09 05:16:43,630 - /home/pi/tap/common/loopback.py - INFO - Test_Logic_Reset
2015-06-09 05:16:43,830 - tests.smoke.smoke.testReset - INFO - [36m[1mDone with tests.smoke.smoke.testReset
2015-06-09 05:16:43,832 - tests.smoke.smoke.testReset2ShiftIR - INFO - [36m[1mRunning tests.smoke.smoke.testReset2ShiftIR
2015-06-09 05:16:44,037 - /home/pi/tap/common/loopback.py - INFO - Test_Logic_Reset
2015-06-09 05:16:44,437 - /home/pi/tap/common/loopback.py - INFO - Test_Logic_Reset
2015-06-09 05:16:44,838 - /home/pi/tap/common/loopback.py - INFO - Test_Logic_Reset
2015-06-09 05:16:45,238 - /home/pi/tap/common/loopback.py - INFO - Test_Logic_Reset
2015-06-09 05:16:45,639 - /home/pi/tap/common/loopback.py - INFO - Test_Logic_Reset
2015-06-09 05:16:46,040 - /home/pi/tap/common/loopback.py - INFO - Run_Test_Idle
2015-06-09 05:16:46,440 - /home/pi/tap/common/loopback.py - INFO - Select_DR_Scan
2015-06-09 05:16:46,841 - /home/pi/tap/common/loopback.py - INFO - Select_IR_Scan
2015-06-09 05:16:47,242 - /home/pi/tap/common/loopback.py - INFO - Capture_IR
2015-06-09 05:16:47,642 - /home/pi/tap/common/loopback.py - INFO - Shift_IR
2015-06-09 05:16:47,842 - tests.smoke.smoke.testReset2ShiftIR - INFO - [36m[1mDone with tests.smoke.smoke.testReset2ShiftIR
2015-06-09 05:17:04,175 - tests.smoke.smoke.testReset - INFO - [36m[1mRunning tests.smoke.smoke.testReset
2015-06-09 05:17:04,381 - /home/pi/tap/common/loopback.py - INFO - Test_Logic_Reset
2015-06-09 05:17:04,781 - /home/pi/tap/common/loopback.py - INFO - Test_Logic_Reset
2015-06-09 05:17:05,182 - /home/pi/tap/common/loopback.py - INFO - Test_Logic_Reset
2015-06-09 05:17:05,583 - /home/pi/tap/common/loopback.py - INFO - Test_Logic_Reset
2015-06-09 05:17:05,984 - /home/pi/tap/common/loopback.py - INFO - Test_Logic_Reset
2015-06-09 05:17:06,185 - tests.smoke.smoke.testReset - INFO - [36m[1mDone with tests.smoke.smoke.testReset
2015-06-09 05:17:06,188 - tests.smoke.smoke.testReset2ShiftIR - INFO - [36m[1mRunning tests.smoke.smoke.testReset2ShiftIR
2015-06-09 05:17:06,393 - /home/pi/tap/common/loopback.py - INFO - Test_Logic_Reset
2015-06-09 05:17:06,794 - /home/pi/tap/common/loopback.py - INFO - Test_Logic_Reset
2015-06-09 05:17:07,195 - /home/pi/tap/common/loopback.py - INFO - Test_Logic_Reset
2015-06-09 05:17:07,596 - /home/pi/tap/common/loopback.py - INFO - Test_Logic_Reset
2015-06-09 05:17:07,997 - /home/pi/tap/common/loopback.py - INFO - Test_Logic_Reset
2015-06-09 05:17:08,398 - /home/pi/tap/common/loopback.py - INFO - Run_Test_Idle
2015-06-09 05:17:08,798 - /home/pi/tap/common/loopback.py - INFO - Select_DR_Scan
2015-06-09 05:17:09,200 - /home/pi/tap/common/loopback.py - INFO - Select_IR_Scan
2015-06-09 05:17:09,601 - /home/pi/tap/common/loopback.py - INFO - Capture_IR
2015-06-09 05:17:10,002 - /home/pi/tap/common/loopback.py - INFO - Shift_IR
2015-06-09 05:17:10,202 - tests.smoke.smoke.testReset2ShiftIR - INFO - [36m[1mDone with tests.smoke.smoke.testReset2ShiftIR
2015-06-09 05:19:31,124 - tests.smoke.smoke.testReset - INFO - [36m[1mRunning tests.smoke.smoke.testReset
2015-06-09 05:19:31,329 - /home/pi/tap/common/loopback.py - INFO - Test_Logic_Reset
2015-06-09 05:19:31,730 - /home/pi/tap/common/loopback.py - INFO - Test_Logic_Reset
2015-06-09 05:19:32,130 - /home/pi/tap/common/loopback.py - INFO - Test_Logic_Reset
2015-06-09 05:19:32,531 - /home/pi/tap/common/loopback.py - INFO - Test_Logic_Reset
2015-06-09 05:19:32,932 - /home/pi/tap/common/loopback.py - INFO - Test_Logic_Reset
2015-06-09 05:19:33,132 - tests.smoke.smoke.testReset - INFO - [36m[1mDone with tests.smoke.smoke.testReset
2015-06-09 05:19:33,134 - tests.smoke.smoke.testReset2ShiftIR - INFO - [36m[1mRunning tests.smoke.smoke.testReset2ShiftIR
2015-06-09 05:19:33,339 - /home/pi/tap/common/loopback.py - INFO - Test_Logic_Reset
2015-06-09 05:19:33,739 - /home/pi/tap/common/loopback.py - INFO - Test_Logic_Reset
2015-06-09 05:19:34,140 - /home/pi/tap/common/loopback.py - INFO - Test_Logic_Reset
2015-06-09 05:19:34,541 - /home/pi/tap/common/loopback.py - INFO - Test_Logic_Reset
2015-06-09 05:19:34,942 - /home/pi/tap/common/loopback.py - INFO - Test_Logic_Reset
2015-06-09 05:19:35,343 - /home/pi/tap/common/loopback.py - INFO - Run_Test_Idle
2015-06-09 05:19:35,743 - /home/pi/tap/common/loopback.py - INFO - Select_DR_Scan
2015-06-09 05:19:36,144 - /home/pi/tap/common/loopback.py - INFO - Select_IR_Scan
2015-06-09 05:19:36,545 - /home/pi/tap/common/loopback.py - INFO - Capture_IR
2015-06-09 05:19:36,946 - /home/pi/tap/common/loopback.py - INFO - Shift_IR
2015-06-09 05:19:37,146 - tests.smoke.smoke.testReset2ShiftIR - INFO - [36m[1mDone with tests.smoke.smoke.testReset2ShiftIR
2015-06-09 05:20:30,948 - tests.smoke.smoke.testReset - INFO - [36m[1mRunning tests.smoke.smoke.testReset
2015-06-09 05:20:31,153 - /home/pi/tap/common/loopback.py - INFO - Test_Logic_Reset
2015-06-09 05:20:31,553 - /home/pi/tap/common/loopback.py - INFO - Test_Logic_Reset
2015-06-09 05:20:31,954 - /home/pi/tap/common/loopback.py - INFO - Test_Logic_Reset
2015-06-09 05:20:32,355 - /home/pi/tap/common/loopback.py - INFO - Test_Logic_Reset
2015-06-09 05:20:32,756 - /home/pi/tap/common/loopback.py - INFO - Test_Logic_Reset
2015-06-09 05:20:32,957 - tests.smoke.smoke.testReset - INFO - [36m[1mDone with tests.smoke.smoke.testReset
2015-06-09 05:20:32,959 - tests.smoke.smoke.testReset2ShiftIR - INFO - [36m[1mRunning tests.smoke.smoke.testReset2ShiftIR
2015-06-09 05:20:33,162 - /home/pi/tap/common/loopback.py - INFO - Test_Logic_Reset
2015-06-09 05:20:33,563 - /home/pi/tap/common/loopback.py - INFO - Test_Logic_Reset
2015-06-09 05:20:33,963 - /home/pi/tap/common/loopback.py - INFO - Test_Logic_Reset
2015-06-09 05:20:34,364 - /home/pi/tap/common/loopback.py - INFO - Test_Logic_Reset
2015-06-09 05:20:34,765 - /home/pi/tap/common/loopback.py - INFO - Test_Logic_Reset
2015-06-09 05:20:35,166 - /home/pi/tap/common/loopback.py - INFO - Run_Test_Idle
2015-06-09 05:20:35,567 - /home/pi/tap/common/loopback.py - INFO - Select_DR_Scan
2015-06-09 05:20:35,968 - /home/pi/tap/common/loopback.py - INFO - Select_IR_Scan
2015-06-09 05:20:36,369 - /home/pi/tap/common/loopback.py - INFO - Capture_IR
2015-06-09 05:20:36,770 - /home/pi/tap/common/loopback.py - INFO - Shift_IR
2015-06-09 05:20:36,971 - tests.smoke.smoke.testReset2ShiftIR - INFO - [36m[1mDone with tests.smoke.smoke.testReset2ShiftIR
2015-06-09 05:21:48,237 - tests.smoke.smoke.testReset - INFO - [36m[1mRunning tests.smoke.smoke.testReset
2015-06-09 05:21:48,441 - /home/pi/tap/common/loopback.py - INFO - Test_Logic_Reset
2015-06-09 05:21:48,842 - /home/pi/tap/common/loopback.py - INFO - Test_Logic_Reset
2015-06-09 05:21:49,243 - /home/pi/tap/common/loopback.py - INFO - Test_Logic_Reset
2015-06-09 05:21:49,644 - /home/pi/tap/common/loopback.py - INFO - Test_Logic_Reset
2015-06-09 05:21:50,044 - /home/pi/tap/common/loopback.py - INFO - Test_Logic_Reset
2015-06-09 05:21:50,245 - tests.smoke.smoke.testReset - INFO - [36m[1mDone with tests.smoke.smoke.testReset
2015-06-09 05:21:50,248 - tests.smoke.smoke.testReset2ShiftIR - INFO - [36m[1mRunning tests.smoke.smoke.testReset2ShiftIR
2015-06-09 05:21:50,455 - /home/pi/tap/common/loopback.py - INFO - Test_Logic_Reset
2015-06-09 05:21:50,856 - /home/pi/tap/common/loopback.py - INFO - Test_Logic_Reset
2015-06-09 05:21:51,257 - /home/pi/tap/common/loopback.py - INFO - Test_Logic_Reset
2015-06-09 05:21:51,657 - /home/pi/tap/common/loopback.py - INFO - Test_Logic_Reset
2015-06-09 05:21:52,058 - /home/pi/tap/common/loopback.py - INFO - Test_Logic_Reset
2015-06-09 05:21:52,459 - /home/pi/tap/common/loopback.py - INFO - Run_Test_Idle
2015-06-09 05:21:52,859 - /home/pi/tap/common/loopback.py - INFO - Select_DR_Scan
2015-06-09 05:21:53,260 - /home/pi/tap/common/loopback.py - INFO - Select_IR_Scan
2015-06-09 05:21:53,661 - /home/pi/tap/common/loopback.py - INFO - Capture_IR
2015-06-09 05:21:54,062 - /home/pi/tap/common/loopback.py - INFO - Shift_IR
2015-06-09 05:21:54,264 - tests.smoke.smoke.testReset2ShiftIR - INFO - [36m[1mDone with tests.smoke.smoke.testReset2ShiftIR
2015-06-09 05:22:08,377 - tests.smoke.smoke.testReset - INFO - [36m[1mRunning tests.smoke.smoke.testReset
2015-06-09 05:22:08,583 - /home/pi/tap/common/loopback.py - INFO - Test_Logic_Reset
2015-06-09 05:22:08,984 - /home/pi/tap/common/loopback.py - INFO - Test_Logic_Reset
2015-06-09 05:22:09,386 - /home/pi/tap/common/loopback.py - INFO - Test_Logic_Reset
2015-06-09 05:22:09,787 - /home/pi/tap/common/loopback.py - INFO - Test_Logic_Reset
2015-06-09 05:22:10,187 - /home/pi/tap/common/loopback.py - INFO - Test_Logic_Reset
2015-06-09 05:22:10,387 - tests.smoke.smoke.testReset - INFO - [36m[1mDone with tests.smoke.smoke.testReset
2015-06-09 05:22:10,391 - tests.smoke.smoke.testReset2ShiftIR - INFO - [36m[1mRunning tests.smoke.smoke.testReset2ShiftIR
2015-06-09 05:22:10,597 - /home/pi/tap/common/loopback.py - INFO - Test_Logic_Reset
2015-06-09 05:22:10,998 - /home/pi/tap/common/loopback.py - INFO - Test_Logic_Reset
2015-06-09 05:22:11,399 - /home/pi/tap/common/loopback.py - INFO - Test_Logic_Reset
2015-06-09 05:22:11,799 - /home/pi/tap/common/loopback.py - INFO - Test_Logic_Reset
2015-06-09 05:22:12,200 - /home/pi/tap/common/loopback.py - INFO - Test_Logic_Reset
2015-06-09 05:22:12,601 - /home/pi/tap/common/loopback.py - INFO - Run_Test_Idle
2015-06-09 05:22:13,002 - /home/pi/tap/common/loopback.py - INFO - Select_DR_Scan
2015-06-09 05:22:13,403 - /home/pi/tap/common/loopback.py - INFO - Select_IR_Scan
2015-06-09 05:22:13,804 - /home/pi/tap/common/loopback.py - INFO - Capture_IR
2015-06-09 05:22:14,205 - /home/pi/tap/common/loopback.py - INFO - Shift_IR
2015-06-09 05:22:14,405 - tests.smoke.smoke.testReset2ShiftIR - INFO - [36m[1mDone with tests.smoke.smoke.testReset2ShiftIR
2015-06-09 05:23:00,442 - tests.smoke.smoke.testReset - INFO - [36m[1mRunning tests.smoke.smoke.testReset
2015-06-09 05:23:00,646 - /home/pi/tap/common/loopback.py - INFO - Test_Logic_Reset
2015-06-09 05:23:01,047 - /home/pi/tap/common/loopback.py - INFO - Test_Logic_Reset
2015-06-09 05:23:01,448 - /home/pi/tap/common/loopback.py - INFO - Test_Logic_Reset
2015-06-09 05:23:01,849 - /home/pi/tap/common/loopback.py - INFO - Test_Logic_Reset
2015-06-09 05:23:02,249 - /home/pi/tap/common/loopback.py - INFO - Test_Logic_Reset
2015-06-09 05:23:02,450 - tests.smoke.smoke.testReset - INFO - [36m[1mDone with tests.smoke.smoke.testReset
2015-06-09 05:23:02,452 - tests.smoke.smoke.testReset2ShiftIR - INFO - [36m[1mRunning tests.smoke.smoke.testReset2ShiftIR
2015-06-09 05:23:02,656 - /home/pi/tap/common/loopback.py - INFO - Test_Logic_Reset
2015-06-09 05:23:03,057 - /home/pi/tap/common/loopback.py - INFO - Test_Logic_Reset
2015-06-09 05:23:03,457 - /home/pi/tap/common/loopback.py - INFO - Test_Logic_Reset
2015-06-09 05:23:03,858 - /home/pi/tap/common/loopback.py - INFO - Test_Logic_Reset
2015-06-09 05:23:04,259 - /home/pi/tap/common/loopback.py - INFO - Test_Logic_Reset
2015-06-09 05:23:04,660 - /home/pi/tap/common/loopback.py - INFO - Run_Test_Idle
2015-06-09 05:23:05,060 - /home/pi/tap/common/loopback.py - INFO - Select_DR_Scan
2015-06-09 05:23:05,461 - /home/pi/tap/common/loopback.py - INFO - Select_IR_Scan
2015-06-09 05:23:05,862 - /home/pi/tap/common/loopback.py - INFO - Capture_IR
2015-06-09 05:23:06,263 - /home/pi/tap/common/loopback.py - INFO - Shift_IR
2015-06-09 05:23:06,463 - tests.smoke.smoke.testReset2ShiftIR - INFO - [36m[1mDone with tests.smoke.smoke.testReset2ShiftIR
2015-06-09 05:26:35,870 - tests.smoke.smoke.testReset - INFO - [36m[1mRunning tests.smoke.smoke.testReset
2015-06-09 05:26:36,074 - /home/pi/tap/common/loopback.py - INFO - Test_Logic_Reset
2015-06-09 05:26:36,475 - /home/pi/tap/common/loopback.py - INFO - Test_Logic_Reset
2015-06-09 05:26:36,876 - /home/pi/tap/common/loopback.py - INFO - Test_Logic_Reset
2015-06-09 05:26:37,276 - /home/pi/tap/common/loopback.py - INFO - Test_Logic_Reset
2015-06-09 05:26:37,677 - /home/pi/tap/common/loopback.py - INFO - Test_Logic_Reset
2015-06-09 05:26:37,878 - tests.smoke.smoke.testReset - INFO - [36m[1mDone with tests.smoke.smoke.testReset
2015-06-09 05:26:37,880 - tests.smoke.smoke.testReset2ShiftIR - INFO - [36m[1mRunning tests.smoke.smoke.testReset2ShiftIR
2015-06-09 05:26:38,083 - /home/pi/tap/common/loopback.py - INFO - Test_Logic_Reset
2015-06-09 05:26:38,484 - /home/pi/tap/common/loopback.py - INFO - Test_Logic_Reset
2015-06-09 05:26:38,884 - /home/pi/tap/common/loopback.py - INFO - Test_Logic_Reset
2015-06-09 05:26:39,285 - /home/pi/tap/common/loopback.py - INFO - Test_Logic_Reset
2015-06-09 05:26:39,686 - /home/pi/tap/common/loopback.py - INFO - Test_Logic_Reset
2015-06-09 05:26:40,087 - /home/pi/tap/common/loopback.py - INFO - Run_Test_Idle
2015-06-09 05:26:40,488 - /home/pi/tap/common/loopback.py - INFO - Select_DR_Scan
2015-06-09 05:26:40,888 - /home/pi/tap/common/loopback.py - INFO - Select_IR_Scan
2015-06-09 05:26:41,289 - /home/pi/tap/common/loopback.py - INFO - Capture_IR
2015-06-09 05:26:41,690 - /home/pi/tap/common/loopback.py - INFO - Shift_IR
2015-06-09 05:26:41,893 - tests.smoke.smoke.testReset2ShiftIR - INFO - [36m[1mDone with tests.smoke.smoke.testReset2ShiftIR
2015-06-09 05:26:49,423 - tests.smoke.smoke.testReset - INFO - [36m[1mRunning tests.smoke.smoke.testReset
2015-06-09 05:26:49,629 - /home/pi/tap/common/loopback.py - INFO - Test_Logic_Reset
2015-06-09 05:26:50,029 - /home/pi/tap/common/loopback.py - INFO - Test_Logic_Reset
2015-06-09 05:26:50,429 - /home/pi/tap/common/loopback.py - INFO - Test_Logic_Reset
2015-06-09 05:26:50,830 - /home/pi/tap/common/loopback.py - INFO - Test_Logic_Reset
2015-06-09 05:26:51,231 - /home/pi/tap/common/loopback.py - INFO - Test_Logic_Reset
2015-06-09 05:26:51,431 - tests.smoke.smoke.testReset - INFO - [36m[1mDone with tests.smoke.smoke.testReset
2015-06-09 05:26:51,433 - tests.smoke.smoke.testReset2ShiftIR - INFO - [36m[1mRunning tests.smoke.smoke.testReset2ShiftIR
2015-06-09 05:26:51,637 - /home/pi/tap/common/loopback.py - INFO - Test_Logic_Reset
2015-06-09 05:26:52,037 - /home/pi/tap/common/loopback.py - INFO - Test_Logic_Reset
2015-06-09 05:26:52,438 - /home/pi/tap/common/loopback.py - INFO - Test_Logic_Reset
2015-06-09 05:26:52,839 - /home/pi/tap/common/loopback.py - INFO - Test_Logic_Reset
2015-06-09 05:26:53,239 - /home/pi/tap/common/loopback.py - INFO - Test_Logic_Reset
2015-06-09 05:26:53,640 - /home/pi/tap/common/loopback.py - INFO - Run_Test_Idle
2015-06-09 05:26:54,041 - /home/pi/tap/common/loopback.py - INFO - Select_DR_Scan
2015-06-09 05:26:54,442 - /home/pi/tap/common/loopback.py - INFO - Select_IR_Scan
2015-06-09 05:26:54,843 - /home/pi/tap/common/loopback.py - INFO - Capture_IR
2015-06-09 05:26:55,243 - /home/pi/tap/common/loopback.py - INFO - Shift_IR
2015-06-09 05:26:55,444 - tests.smoke.smoke.testReset2ShiftIR - INFO - [36m[1mDone with tests.smoke.smoke.testReset2ShiftIR
2015-06-09 05:28:32,064 - tests.smoke.smoke.testReset - INFO - [36m[1mRunning tests.smoke.smoke.testReset
2015-06-09 05:28:32,268 - /home/pi/tap/common/loopback.py - INFO - Test_Logic_Reset
2015-06-09 05:28:32,668 - /home/pi/tap/common/loopback.py - INFO - Test_Logic_Reset
2015-06-09 05:28:33,069 - /home/pi/tap/common/loopback.py - INFO - Test_Logic_Reset
2015-06-09 05:28:33,470 - /home/pi/tap/common/loopback.py - INFO - Test_Logic_Reset
2015-06-09 05:28:33,870 - /home/pi/tap/common/loopback.py - INFO - Test_Logic_Reset
2015-06-09 05:28:34,071 - tests.smoke.smoke.testReset - INFO - [36m[1mDone with tests.smoke.smoke.testReset
2015-06-09 05:28:34,073 - tests.smoke.smoke.testReset2ShiftIR - INFO - [36m[1mRunning tests.smoke.smoke.testReset2ShiftIR
2015-06-09 05:28:34,276 - /home/pi/tap/common/loopback.py - INFO - Test_Logic_Reset
2015-06-09 05:28:34,677 - /home/pi/tap/common/loopback.py - INFO - Test_Logic_Reset
2015-06-09 05:28:35,078 - /home/pi/tap/common/loopback.py - INFO - Test_Logic_Reset
2015-06-09 05:28:35,479 - /home/pi/tap/common/loopback.py - INFO - Test_Logic_Reset
2015-06-09 05:28:35,879 - /home/pi/tap/common/loopback.py - INFO - Test_Logic_Reset
2015-06-09 05:28:36,280 - /home/pi/tap/common/loopback.py - INFO - Run_Test_Idle
2015-06-09 05:28:36,681 - /home/pi/tap/common/loopback.py - INFO - Select_DR_Scan
2015-06-09 05:28:37,082 - /home/pi/tap/common/loopback.py - INFO - Select_IR_Scan
2015-06-09 05:28:37,483 - /home/pi/tap/common/loopback.py - INFO - Capture_IR
2015-06-09 05:28:37,884 - /home/pi/tap/common/loopback.py - INFO - Shift_IR
2015-06-09 05:28:38,085 - tests.smoke.smoke.testReset2ShiftIR - INFO - [36m[1mDone with tests.smoke.smoke.testReset2ShiftIR
2015-06-09 05:30:09,857 - tests.smoke.smoke.testReset - INFO - [36m[1mRunning tests.smoke.smoke.testReset
2015-06-09 05:30:10,061 - /home/pi/tap/common/loopback.py - INFO - Test_Logic_Reset
2015-06-09 05:30:10,462 - /home/pi/tap/common/loopback.py - INFO - Test_Logic_Reset
2015-06-09 05:30:10,863 - /home/pi/tap/common/loopback.py - INFO - Test_Logic_Reset
2015-06-09 05:30:11,264 - /home/pi/tap/common/loopback.py - INFO - Test_Logic_Reset
2015-06-09 05:30:11,664 - /home/pi/tap/common/loopback.py - INFO - Test_Logic_Reset
2015-06-09 05:30:11,865 - tests.smoke.smoke.testReset - INFO - [36m[1mDone with tests.smoke.smoke.testReset
2015-06-09 05:30:11,868 - tests.smoke.smoke.testReset2ShiftIR - INFO - [36m[1mRunning tests.smoke.smoke.testReset2ShiftIR
2015-06-09 05:30:12,072 - /home/pi/tap/common/loopback.py - INFO - Test_Logic_Reset
2015-06-09 05:30:12,473 - /home/pi/tap/common/loopback.py - INFO - Test_Logic_Reset
2015-06-09 05:30:12,873 - /home/pi/tap/common/loopback.py - INFO - Test_Logic_Reset
2015-06-09 05:30:13,274 - /home/pi/tap/common/loopback.py - INFO - Test_Logic_Reset
2015-06-09 05:30:13,675 - /home/pi/tap/common/loopback.py - INFO - Test_Logic_Reset
2015-06-09 05:30:14,076 - /home/pi/tap/common/loopback.py - INFO - Run_Test_Idle
2015-06-09 05:30:14,477 - /home/pi/tap/common/loopback.py - INFO - Select_DR_Scan
2015-06-09 05:30:14,877 - /home/pi/tap/common/loopback.py - INFO - Select_IR_Scan
2015-06-09 05:30:15,278 - /home/pi/tap/common/loopback.py - INFO - Capture_IR
2015-06-09 05:30:15,679 - /home/pi/tap/common/loopback.py - INFO - Shift_IR
2015-06-09 05:30:15,880 - tests.smoke.smoke.testReset2ShiftIR - INFO - [36m[1mDone with tests.smoke.smoke.testReset2ShiftIR
2015-06-09 05:31:51,389 - tests.smoke.smoke.testReset - INFO - [36m[1mRunning tests.smoke.smoke.testReset
2015-06-09 05:31:51,593 - /home/pi/tap/common/loopback.py - INFO - Test_Logic_Reset
2015-06-09 05:31:51,994 - /home/pi/tap/common/loopback.py - INFO - Test_Logic_Reset
2015-06-09 05:31:52,394 - /home/pi/tap/common/loopback.py - INFO - Test_Logic_Reset
2015-06-09 05:31:52,795 - /home/pi/tap/common/loopback.py - INFO - Test_Logic_Reset
2015-06-09 05:31:53,196 - /home/pi/tap/common/loopback.py - INFO - Test_Logic_Reset
2015-06-09 05:31:53,396 - tests.smoke.smoke.testReset - INFO - [36m[1mDone with tests.smoke.smoke.testReset

2015-06-09 05:31:53,398 - tests.smoke.smoke.testReset2ShiftIR - INFO - [36m[1mRunning tests.smoke.smoke.testReset2ShiftIR
2015-06-09 05:31:53,601 - /home/pi/tap/common/loopback.py - INFO - Test_Logic_Reset
2015-06-09 05:31:54,002 - /home/pi/tap/common/loopback.py - INFO - Test_Logic_Reset
2015-06-09 05:31:54,403 - /home/pi/tap/common/loopback.py - INFO - Test_Logic_Reset
2015-06-09 05:31:54,804 - /home/pi/tap/common/loopback.py - INFO - Test_Logic_Reset
2015-06-09 05:31:55,204 - /home/pi/tap/common/loopback.py - INFO - Test_Logic_Reset
2015-06-09 05:31:55,605 - /home/pi/tap/common/loopback.py - INFO - Run_Test_Idle
2015-06-09 05:31:56,006 - /home/pi/tap/common/loopback.py - INFO - Select_DR_Scan
2015-06-09 05:31:56,406 - /home/pi/tap/common/loopback.py - INFO - Select_IR_Scan
2015-06-09 05:31:56,807 - /home/pi/tap/common/loopback.py - INFO - Capture_IR
2015-06-09 05:31:57,208 - /home/pi/tap/common/loopback.py - INFO - Shift_IR
2015-06-09 05:31:57,408 - tests.smoke.smoke.testReset2ShiftIR - INFO - [36m[1mDone with tests.smoke.smoke.testReset2ShiftIR

2015-06-09 05:33:05,622 - tests.smoke.smoke.testReset - INFO - [36m[1mRunning tests.smoke.smoke.testReset
2015-06-09 05:33:05,826 - /home/pi/tap/common/loopback.py - INFO - Test_Logic_Reset
2015-06-09 05:33:06,227 - /home/pi/tap/common/loopback.py - INFO - Test_Logic_Reset
2015-06-09 05:33:06,627 - /home/pi/tap/common/loopback.py - INFO - Test_Logic_Reset
2015-06-09 05:33:07,028 - /home/pi/tap/common/loopback.py - INFO - Test_Logic_Reset
2015-06-09 05:33:07,429 - /home/pi/tap/common/loopback.py - INFO - Test_Logic_Reset
2015-06-09 05:33:07,630 - tests.smoke.smoke.testReset - INFO - [36m[1mDone with tests.smoke.smoke.testReset

2015-06-09 05:33:07,633 - tests.smoke.smoke.testReset2ShiftIR - INFO - [36m[1mRunning tests.smoke.smoke.testReset2ShiftIR
2015-06-09 05:33:07,836 - /home/pi/tap/common/loopback.py - INFO - Test_Logic_Reset
2015-06-09 05:33:08,237 - /home/pi/tap/common/loopback.py - INFO - Test_Logic_Reset
2015-06-09 05:33:08,637 - /home/pi/tap/common/loopback.py - INFO - Test_Logic_Reset
2015-06-09 05:33:09,038 - /home/pi/tap/common/loopback.py - INFO - Test_Logic_Reset
2015-06-09 05:33:09,439 - /home/pi/tap/common/loopback.py - INFO - Test_Logic_Reset
2015-06-09 05:33:09,840 - /home/pi/tap/common/loopback.py - INFO - Run_Test_Idle
2015-06-09 05:33:10,241 - /home/pi/tap/common/loopback.py - INFO - Select_DR_Scan
2015-06-09 05:33:10,641 - /home/pi/tap/common/loopback.py - INFO - Select_IR_Scan
2015-06-09 05:33:11,042 - /home/pi/tap/common/loopback.py - INFO - Capture_IR
2015-06-09 05:33:11,443 - /home/pi/tap/common/loopback.py - INFO - Shift_IR
2015-06-09 05:33:11,646 - tests.smoke.smoke.testReset2ShiftIR - INFO - [36m[1mDone with tests.smoke.smoke.testReset2ShiftIR

2015-06-09 05:33:26,604 - tests.smoke.smoke.testReset - INFO - [36m[1mRunning tests.smoke.smoke.testReset
2015-06-09 05:33:26,809 - /home/pi/tap/common/loopback.py - INFO - Test_Logic_Reset
2015-06-09 05:33:27,210 - /home/pi/tap/common/loopback.py - INFO - Test_Logic_Reset
2015-06-09 05:33:27,610 - /home/pi/tap/common/loopback.py - INFO - Test_Logic_Reset
2015-06-09 05:33:28,011 - /home/pi/tap/common/loopback.py - INFO - Test_Logic_Reset
2015-06-09 05:33:28,412 - /home/pi/tap/common/loopback.py - INFO - Test_Logic_Reset
2015-06-09 05:33:28,613 - tests.smoke.smoke.testReset - INFO - [36m[1mDone with tests.smoke.smoke.testReset

2015-06-09 05:33:28,615 - tests.smoke.smoke.testReset2ShiftIR - INFO - [36m[1mRunning tests.smoke.smoke.testReset2ShiftIR
2015-06-09 05:33:28,818 - /home/pi/tap/common/loopback.py - INFO - Test_Logic_Reset
2015-06-09 05:33:29,219 - /home/pi/tap/common/loopback.py - INFO - Test_Logic_Reset
2015-06-09 05:33:29,620 - /home/pi/tap/common/loopback.py - INFO - Test_Logic_Reset
2015-06-09 05:33:30,021 - /home/pi/tap/common/loopback.py - INFO - Test_Logic_Reset
2015-06-09 05:33:30,421 - /home/pi/tap/common/loopback.py - INFO - Test_Logic_Reset
2015-06-09 05:33:30,822 - /home/pi/tap/common/loopback.py - INFO - Run_Test_Idle
2015-06-09 05:33:31,223 - /home/pi/tap/common/loopback.py - INFO - Select_DR_Scan
2015-06-09 05:33:31,624 - /home/pi/tap/common/loopback.py - INFO - Select_IR_Scan
2015-06-09 05:33:32,025 - /home/pi/tap/common/loopback.py - INFO - Capture_IR
2015-06-09 05:33:32,425 - /home/pi/tap/common/loopback.py - INFO - Shift_IR
2015-06-09 05:33:32,626 - tests.smoke.smoke.testReset2ShiftIR - INFO - [36m[1mDone with tests.smoke.smoke.testReset2ShiftIR

2015-06-18 22:39:29,112 - tests.smoke.smoke.testReset - INFO - [36m[1mRunning tests.smoke.smoke.testReset
2015-06-18 22:39:29,340 - /home/pi/tap/common/loopback.py - INFO - Test_Logic_Reset
2015-06-18 22:39:29,741 - /home/pi/tap/common/loopback.py - INFO - Test_Logic_Reset
2015-06-18 22:39:30,143 - /home/pi/tap/common/loopback.py - INFO - Test_Logic_Reset
2015-06-18 22:39:30,544 - /home/pi/tap/common/loopback.py - INFO - Test_Logic_Reset
2015-06-18 22:39:30,945 - /home/pi/tap/common/loopback.py - INFO - Test_Logic_Reset
2015-06-18 22:39:31,149 - tests.smoke.smoke.testReset - INFO - [36m[1mDone with tests.smoke.smoke.testReset

2015-06-18 22:39:31,167 - tests.smoke.smoke.testReset2ShiftIR - INFO - [36m[1mRunning tests.smoke.smoke.testReset2ShiftIR
2015-06-18 22:39:31,410 - /home/pi/tap/common/loopback.py - INFO - Test_Logic_Reset
2015-06-18 22:39:31,811 - /home/pi/tap/common/loopback.py - INFO - Test_Logic_Reset
2015-06-18 22:39:32,212 - /home/pi/tap/common/loopback.py - INFO - Test_Logic_Reset
2015-06-18 22:39:32,614 - /home/pi/tap/common/loopback.py - INFO - Test_Logic_Reset
2015-06-18 22:39:33,015 - /home/pi/tap/common/loopback.py - INFO - Test_Logic_Reset
2015-06-18 22:39:33,416 - /home/pi/tap/common/loopback.py - INFO - Run_Test_Idle
2015-06-18 22:39:33,818 - /home/pi/tap/common/loopback.py - INFO - Select_DR_Scan
2015-06-18 22:39:34,219 - /home/pi/tap/common/loopback.py - INFO - Select_IR_Scan
2015-06-18 22:39:34,620 - /home/pi/tap/common/loopback.py - INFO - Capture_IR
2015-06-18 22:39:35,022 - /home/pi/tap/common/loopback.py - INFO - Shift_IR
2015-06-18 22:39:35,225 - tests.smoke.smoke.testReset2ShiftIR - INFO - [36m[1mDone with tests.smoke.smoke.testReset2ShiftIR

2015-06-18 22:54:43,453 - tests.smoke.smoke.testReset - INFO - [36m[1mRunning tests.smoke.smoke.testReset
2015-06-18 22:54:43,676 - /home/pi/tap/common/loopback.py - INFO - Test_Logic_Reset
2015-06-18 22:54:44,078 - /home/pi/tap/common/loopback.py - INFO - Test_Logic_Reset
2015-06-18 22:54:44,479 - /home/pi/tap/common/loopback.py - INFO - Test_Logic_Reset
2015-06-18 22:54:44,880 - /home/pi/tap/common/loopback.py - INFO - Test_Logic_Reset
2015-06-18 22:54:45,282 - /home/pi/tap/common/loopback.py - INFO - Test_Logic_Reset
2015-06-18 22:54:45,487 - tests.smoke.smoke.testReset - INFO - [36m[1mDone with tests.smoke.smoke.testReset

2015-06-18 22:54:45,498 - tests.smoke.smoke.testReset2ShiftIR - INFO - [36m[1mRunning tests.smoke.smoke.testReset2ShiftIR
2015-06-18 22:54:45,741 - /home/pi/tap/common/loopback.py - INFO - Test_Logic_Reset
2015-06-18 22:54:46,142 - /home/pi/tap/common/loopback.py - INFO - Test_Logic_Reset
2015-06-18 22:54:46,544 - /home/pi/tap/common/loopback.py - INFO - Test_Logic_Reset
2015-06-18 22:54:46,945 - /home/pi/tap/common/loopback.py - INFO - Test_Logic_Reset
2015-06-18 22:54:47,346 - /home/pi/tap/common/loopback.py - INFO - Test_Logic_Reset
2015-06-18 22:54:47,748 - /home/pi/tap/common/loopback.py - INFO - Run_Test_Idle
2015-06-18 22:54:48,149 - /home/pi/tap/common/loopback.py - INFO - Select_DR_Scan
2015-06-18 22:54:48,550 - /home/pi/tap/common/loopback.py - INFO - Select_IR_Scan
2015-06-18 22:54:48,952 - /home/pi/tap/common/loopback.py - INFO - Capture_IR
2015-06-18 22:54:49,353 - /home/pi/tap/common/loopback.py - INFO - Shift_IR
2015-06-18 22:54:49,554 - tests.smoke.smoke.testReset2ShiftIR - INFO - [36m[1mDone with tests.smoke.smoke.testReset2ShiftIR

2015-06-18 22:55:23,368 - tests.smoke.smoke.testReset - INFO - [36m[1mRunning tests.smoke.smoke.testReset
2015-06-18 22:55:23,594 - /home/pi/tap/common/loopback.py - INFO - Test_Logic_Reset
2015-06-18 22:55:23,994 - /home/pi/tap/common/loopback.py - INFO - Test_Logic_Reset
2015-06-18 22:55:24,395 - /home/pi/tap/common/loopback.py - INFO - Test_Logic_Reset
2015-06-18 22:55:24,796 - /home/pi/tap/common/loopback.py - INFO - Test_Logic_Reset
2015-06-18 22:55:25,198 - /home/pi/tap/common/loopback.py - INFO - Test_Logic_Reset
2015-06-18 22:55:25,399 - tests.smoke.smoke.testReset - INFO - [36m[1mDone with tests.smoke.smoke.testReset

2015-06-18 22:55:25,420 - tests.smoke.smoke.testReset2ShiftIR - INFO - [36m[1mRunning tests.smoke.smoke.testReset2ShiftIR
2015-06-18 22:55:25,653 - /home/pi/tap/common/loopback.py - INFO - Test_Logic_Reset
2015-06-18 22:55:26,053 - /home/pi/tap/common/loopback.py - INFO - Test_Logic_Reset
2015-06-18 22:55:26,455 - /home/pi/tap/common/loopback.py - INFO - Test_Logic_Reset
2015-06-18 22:55:26,859 - /home/pi/tap/common/loopback.py - INFO - Test_Logic_Reset
2015-06-18 22:55:27,260 - /home/pi/tap/common/loopback.py - INFO - Test_Logic_Reset
2015-06-18 22:55:27,662 - /home/pi/tap/common/loopback.py - INFO - Run_Test_Idle
2015-06-18 22:55:28,063 - /home/pi/tap/common/loopback.py - INFO - Select_DR_Scan
2015-06-18 22:55:28,465 - /home/pi/tap/common/loopback.py - INFO - Select_IR_Scan
2015-06-18 22:55:28,866 - /home/pi/tap/common/loopback.py - INFO - Capture_IR
2015-06-18 22:55:29,267 - /home/pi/tap/common/loopback.py - INFO - Shift_IR
2015-06-18 22:55:29,467 - tests.smoke.smoke.testReset2ShiftIR - INFO - [36m[1mDone with tests.smoke.smoke.testReset2ShiftIR

2015-06-18 23:02:53,103 - tests.smoke.smoke.testReset - INFO - [36m[1mRunning tests.smoke.smoke.testReset
2015-06-18 23:02:55,137 - tests.smoke.smoke.testReset - INFO - [36m[1mDone with tests.smoke.smoke.testReset

2015-06-18 23:02:55,160 - tests.smoke.smoke.testReset2ShiftIR - INFO - [36m[1mRunning tests.smoke.smoke.testReset2ShiftIR
2015-06-18 23:02:59,197 - tests.smoke.smoke.testReset2ShiftIR - INFO - [36m[1mDone with tests.smoke.smoke.testReset2ShiftIR

2015-06-18 23:03:23,127 - tests.smoke.smoke.testReset - INFO - [36m[1mRunning tests.smoke.smoke.testReset
2015-06-18 23:03:23,351 - /home/pi/tap/common/loopback.py - INFO - Test_Logic_Reset
2015-06-18 23:03:23,752 - /home/pi/tap/common/loopback.py - INFO - Test_Logic_Reset
2015-06-18 23:03:24,154 - /home/pi/tap/common/loopback.py - INFO - Test_Logic_Reset
2015-06-18 23:03:24,555 - /home/pi/tap/common/loopback.py - INFO - Test_Logic_Reset
2015-06-18 23:03:24,956 - /home/pi/tap/common/loopback.py - INFO - Test_Logic_Reset
2015-06-18 23:03:25,167 - tests.smoke.smoke.testReset - INFO - [36m[1mDone with tests.smoke.smoke.testReset

2015-06-18 23:03:25,175 - tests.smoke.smoke.testReset2ShiftIR - INFO - [36m[1mRunning tests.smoke.smoke.testReset2ShiftIR
2015-06-18 23:03:25,409 - /home/pi/tap/common/loopback.py - INFO - Test_Logic_Reset
2015-06-18 23:03:25,810 - /home/pi/tap/common/loopback.py - INFO - Test_Logic_Reset
2015-06-18 23:03:26,211 - /home/pi/tap/common/loopback.py - INFO - Test_Logic_Reset
2015-06-18 23:03:26,613 - /home/pi/tap/common/loopback.py - INFO - Test_Logic_Reset
2015-06-18 23:03:27,014 - /home/pi/tap/common/loopback.py - INFO - Test_Logic_Reset
2015-06-18 23:03:27,416 - /home/pi/tap/common/loopback.py - INFO - Run_Test_Idle
2015-06-18 23:03:27,817 - /home/pi/tap/common/loopback.py - INFO - Select_DR_Scan
2015-06-18 23:03:28,218 - /home/pi/tap/common/loopback.py - INFO - Select_IR_Scan
2015-06-18 23:03:28,620 - /home/pi/tap/common/loopback.py - INFO - Capture_IR
2015-06-18 23:03:29,021 - /home/pi/tap/common/loopback.py - INFO - Shift_IR
2015-06-18 23:03:29,224 - tests.smoke.smoke.testReset2ShiftIR - INFO - [36m[1mDone with tests.smoke.smoke.testReset2ShiftIR

2015-06-18 23:34:13,853 - tests.smoke.smoke.testReset - INFO - [36m[1mRunning tests.smoke.smoke.testReset
2015-06-18 23:34:14,080 - /home/pi/tap/common/loopback.py - INFO - Test_Logic_Reset
2015-06-18 23:34:14,481 - /home/pi/tap/common/loopback.py - INFO - Test_Logic_Reset
2015-06-18 23:34:14,883 - /home/pi/tap/common/loopback.py - INFO - Test_Logic_Reset
2015-06-18 23:34:15,284 - /home/pi/tap/common/loopback.py - INFO - Test_Logic_Reset
2015-06-18 23:34:15,685 - /home/pi/tap/common/loopback.py - INFO - Test_Logic_Reset
2015-06-18 23:34:15,889 - tests.smoke.smoke.testReset - INFO - [36m[1mDone with tests.smoke.smoke.testReset

2015-06-18 23:34:15,907 - tests.smoke.smoke.testReset2ShiftIR - INFO - [36m[1mRunning tests.smoke.smoke.testReset2ShiftIR
2015-06-18 23:34:16,140 - /home/pi/tap/common/loopback.py - INFO - Test_Logic_Reset
2015-06-18 23:34:16,541 - /home/pi/tap/common/loopback.py - INFO - Test_Logic_Reset
2015-06-18 23:34:16,942 - /home/pi/tap/common/loopback.py - INFO - Test_Logic_Reset
2015-06-18 23:34:17,344 - /home/pi/tap/common/loopback.py - INFO - Test_Logic_Reset
2015-06-18 23:34:17,745 - /home/pi/tap/common/loopback.py - INFO - Test_Logic_Reset
2015-06-18 23:34:18,147 - /home/pi/tap/common/loopback.py - INFO - Run_Test_Idle
2015-06-18 23:34:18,548 - /home/pi/tap/common/loopback.py - INFO - Select_DR_Scan
2015-06-18 23:34:18,950 - /home/pi/tap/common/loopback.py - INFO - Select_IR_Scan
2015-06-18 23:34:19,351 - /home/pi/tap/common/loopback.py - INFO - Capture_IR
2015-06-18 23:34:19,753 - /home/pi/tap/common/loopback.py - INFO - Shift_IR
2015-06-18 23:34:19,954 - tests.smoke.smoke.testReset2ShiftIR - INFO - [36m[1mDone with tests.smoke.smoke.testReset2ShiftIR

2015-06-18 23:35:21,793 - tests.smoke.smoke.testReset - INFO - [36m[1mRunning tests.smoke.smoke.testReset
2015-06-18 23:35:22,017 - /home/pi/tap/common/loopback.py - INFO - Test_Logic_Reset
2015-06-18 23:35:22,418 - /home/pi/tap/common/loopback.py - INFO - Test_Logic_Reset
2015-06-18 23:35:22,820 - /home/pi/tap/common/loopback.py - INFO - Test_Logic_Reset
2015-06-18 23:35:23,221 - /home/pi/tap/common/loopback.py - INFO - Test_Logic_Reset
2015-06-18 23:35:23,623 - /home/pi/tap/common/loopback.py - INFO - Test_Logic_Reset
2015-06-18 23:35:23,824 - tests.smoke.smoke.testReset - INFO - [36m[1mDone with tests.smoke.smoke.testReset

2015-06-18 23:35:23,843 - tests.smoke.smoke.testReset2ShiftIR - INFO - [36m[1mRunning tests.smoke.smoke.testReset2ShiftIR
2015-06-18 23:35:24,070 - /home/pi/tap/common/loopback.py - INFO - Test_Logic_Reset
2015-06-18 23:35:24,471 - /home/pi/tap/common/loopback.py - INFO - Test_Logic_Reset
2015-06-18 23:35:24,872 - /home/pi/tap/common/loopback.py - INFO - Test_Logic_Reset
2015-06-18 23:35:25,274 - /home/pi/tap/common/loopback.py - INFO - Test_Logic_Reset
2015-06-18 23:35:25,675 - /home/pi/tap/common/loopback.py - INFO - Test_Logic_Reset
2015-06-18 23:35:26,077 - /home/pi/tap/common/loopback.py - INFO - Run_Test_Idle
2015-06-18 23:35:26,478 - /home/pi/tap/common/loopback.py - INFO - Select_DR_Scan
2015-06-18 23:35:26,879 - /home/pi/tap/common/loopback.py - INFO - Select_IR_Scan
2015-06-18 23:35:27,281 - /home/pi/tap/common/loopback.py - INFO - Capture_IR
2015-06-18 23:35:27,682 - /home/pi/tap/common/loopback.py - INFO - Shift_IR
2015-06-18 23:35:27,887 - tests.smoke.smoke.testReset2ShiftIR - INFO - [36m[1mDone with tests.smoke.smoke.testReset2ShiftIR

2015-06-18 23:41:49,784 - tests.smoke.smoke.testReset - INFO - [36m[1mRunning tests.smoke.smoke.testReset
2015-06-18 23:41:50,008 - /home/pi/tap/common/loopback.py - INFO - Test_Logic_Reset
2015-06-18 23:41:50,409 - /home/pi/tap/common/loopback.py - INFO - Test_Logic_Reset
2015-06-18 23:41:50,811 - /home/pi/tap/common/loopback.py - INFO - Test_Logic_Reset
2015-06-18 23:41:51,212 - /home/pi/tap/common/loopback.py - INFO - Test_Logic_Reset
2015-06-18 23:41:51,614 - /home/pi/tap/common/loopback.py - INFO - Test_Logic_Reset
2015-06-18 23:41:51,817 - tests.smoke.smoke.testReset - INFO - [36m[1mDone with tests.smoke.smoke.testReset

2015-06-18 23:41:51,840 - tests.smoke.smoke.testReset2ShiftIR - INFO - [36m[1mRunning tests.smoke.smoke.testReset2ShiftIR
2015-06-18 23:41:52,070 - /home/pi/tap/common/loopback.py - INFO - Test_Logic_Reset
2015-06-18 23:41:52,471 - /home/pi/tap/common/loopback.py - INFO - Test_Logic_Reset
2015-06-18 23:41:52,872 - /home/pi/tap/common/loopback.py - INFO - Test_Logic_Reset
2015-06-18 23:41:53,274 - /home/pi/tap/common/loopback.py - INFO - Test_Logic_Reset
2015-06-18 23:41:53,675 - /home/pi/tap/common/loopback.py - INFO - Test_Logic_Reset
2015-06-18 23:41:54,076 - /home/pi/tap/common/loopback.py - INFO - Run_Test_Idle
2015-06-18 23:41:54,478 - /home/pi/tap/common/loopback.py - INFO - Select_DR_Scan
2015-06-18 23:41:54,879 - /home/pi/tap/common/loopback.py - INFO - Select_IR_Scan
2015-06-18 23:41:55,280 - /home/pi/tap/common/loopback.py - INFO - Capture_IR
2015-06-18 23:41:55,682 - /home/pi/tap/common/loopback.py - INFO - Shift_IR
2015-06-18 23:41:55,883 - tests.smoke.smoke.testReset2ShiftIR - INFO - [36m[1mDone with tests.smoke.smoke.testReset2ShiftIR

2015-06-18 23:42:55,001 - tests.smoke.smoke.testReset - INFO - [36m[1mRunning tests.smoke.smoke.testReset
2015-06-18 23:42:55,230 - /home/pi/tap/common/loopback.py - INFO - Test_Logic_Reset
2015-06-18 23:42:55,631 - /home/pi/tap/common/loopback.py - INFO - Test_Logic_Reset
2015-06-18 23:42:56,033 - /home/pi/tap/common/loopback.py - INFO - Test_Logic_Reset
2015-06-18 23:42:56,434 - /home/pi/tap/common/loopback.py - INFO - Test_Logic_Reset
2015-06-18 23:42:56,835 - /home/pi/tap/common/loopback.py - INFO - Test_Logic_Reset
2015-06-18 23:42:57,042 - tests.smoke.smoke.testReset - INFO - [36m[1mDone with tests.smoke.smoke.testReset

2015-06-18 23:42:57,063 - tests.smoke.smoke.testReset2ShiftIR - INFO - [36m[1mRunning tests.smoke.smoke.testReset2ShiftIR
2015-06-18 23:42:57,290 - /home/pi/tap/common/loopback.py - INFO - Test_Logic_Reset
2015-06-18 23:42:57,692 - /home/pi/tap/common/loopback.py - INFO - Test_Logic_Reset
2015-06-18 23:42:58,093 - /home/pi/tap/common/loopback.py - INFO - Test_Logic_Reset
2015-06-18 23:42:58,495 - /home/pi/tap/common/loopback.py - INFO - Test_Logic_Reset
2015-06-18 23:42:58,896 - /home/pi/tap/common/loopback.py - INFO - Test_Logic_Reset
2015-06-18 23:42:59,298 - /home/pi/tap/common/loopback.py - INFO - Run_Test_Idle
2015-06-18 23:42:59,699 - /home/pi/tap/common/loopback.py - INFO - Select_DR_Scan
2015-06-18 23:43:00,100 - /home/pi/tap/common/loopback.py - INFO - Select_IR_Scan
2015-06-18 23:43:00,502 - /home/pi/tap/common/loopback.py - INFO - Capture_IR
2015-06-18 23:43:00,903 - /home/pi/tap/common/loopback.py - INFO - Shift_IR
2015-06-18 23:43:01,105 - tests.smoke.smoke.testReset2ShiftIR - INFO - [36m[1mDone with tests.smoke.smoke.testReset2ShiftIR

2015-06-18 23:45:44,619 - tests.smoke.smoke.testReset - INFO - [36m[1mRunning tests.smoke.smoke.testReset
2015-06-18 23:45:44,640 - tests.smoke.smoke.testReset - INFO - [36m[1mDone with tests.smoke.smoke.testReset

2015-06-18 23:45:44,668 - tests.smoke.smoke.testReset2ShiftIR - INFO - [36m[1mRunning tests.smoke.smoke.testReset2ShiftIR
2015-06-18 23:45:44,893 - /home/pi/tap/common/loopback.py - INFO - Test_Logic_Reset
2015-06-18 23:45:45,295 - /home/pi/tap/common/loopback.py - INFO - Test_Logic_Reset
2015-06-18 23:45:45,696 - /home/pi/tap/common/loopback.py - INFO - Test_Logic_Reset
2015-06-18 23:45:46,097 - /home/pi/tap/common/loopback.py - INFO - Test_Logic_Reset
2015-06-18 23:45:46,499 - /home/pi/tap/common/loopback.py - INFO - Test_Logic_Reset
2015-06-18 23:45:46,901 - /home/pi/tap/common/loopback.py - INFO - Run_Test_Idle
2015-06-18 23:45:47,302 - /home/pi/tap/common/loopback.py - INFO - Select_DR_Scan
2015-06-18 23:45:47,703 - /home/pi/tap/common/loopback.py - INFO - Select_IR_Scan
2015-06-18 23:45:48,105 - /home/pi/tap/common/loopback.py - INFO - Capture_IR
2015-06-18 23:45:48,506 - /home/pi/tap/common/loopback.py - INFO - Shift_IR
2015-06-18 23:45:48,710 - tests.smoke.smoke.testReset2ShiftIR - INFO - [36m[1mDone with tests.smoke.smoke.testReset2ShiftIR

2015-06-18 23:46:05,207 - tests.smoke.smoke.testReset - INFO - [36m[1mRunning tests.smoke.smoke.testReset
2015-06-18 23:46:05,230 - tests.smoke.smoke.testReset - INFO - [36m[1mDone with tests.smoke.smoke.testReset

2015-06-18 23:46:05,268 - tests.smoke.smoke.testReset2ShiftIR - INFO - [36m[1mRunning tests.smoke.smoke.testReset2ShiftIR
2015-06-18 23:46:05,509 - /home/pi/tap/common/loopback.py - INFO - Test_Logic_Reset
2015-06-18 23:46:05,911 - /home/pi/tap/common/loopback.py - INFO - Test_Logic_Reset
2015-06-18 23:46:06,312 - /home/pi/tap/common/loopback.py - INFO - Test_Logic_Reset
2015-06-18 23:46:06,713 - /home/pi/tap/common/loopback.py - INFO - Test_Logic_Reset
2015-06-18 23:46:07,115 - /home/pi/tap/common/loopback.py - INFO - Test_Logic_Reset
2015-06-18 23:46:07,516 - /home/pi/tap/common/loopback.py - INFO - Run_Test_Idle
2015-06-18 23:46:07,918 - /home/pi/tap/common/loopback.py - INFO - Select_DR_Scan
2015-06-18 23:46:08,319 - /home/pi/tap/common/loopback.py - INFO - Select_IR_Scan
2015-06-18 23:46:08,721 - /home/pi/tap/common/loopback.py - INFO - Capture_IR
2015-06-18 23:46:09,123 - /home/pi/tap/common/loopback.py - INFO - Shift_IR
2015-06-18 23:46:09,324 - tests.smoke.smoke.testReset2ShiftIR - INFO - [36m[1mDone with tests.smoke.smoke.testReset2ShiftIR

2015-06-18 23:46:19,541 - tests.smoke.smoke.testReset - INFO - [36m[1mRunning tests.smoke.smoke.testReset
2015-06-18 23:46:19,760 - /home/pi/tap/common/loopback.py - INFO - Test_Logic_Reset
2015-06-18 23:46:20,161 - /home/pi/tap/common/loopback.py - INFO - Test_Logic_Reset
2015-06-18 23:46:20,563 - /home/pi/tap/common/loopback.py - INFO - Test_Logic_Reset
2015-06-18 23:46:20,964 - /home/pi/tap/common/loopback.py - INFO - Test_Logic_Reset
2015-06-18 23:46:21,365 - /home/pi/tap/common/loopback.py - INFO - Test_Logic_Reset
2015-06-18 23:46:21,577 - tests.smoke.smoke.testReset - INFO - [36m[1mDone with tests.smoke.smoke.testReset

2015-06-18 23:46:21,608 - tests.smoke.smoke.testReset2ShiftIR - INFO - [36m[1mRunning tests.smoke.smoke.testReset2ShiftIR
2015-06-18 23:46:21,823 - /home/pi/tap/common/loopback.py - INFO - Test_Logic_Reset
2015-06-18 23:46:22,224 - /home/pi/tap/common/loopback.py - INFO - Test_Logic_Reset
2015-06-18 23:46:22,626 - /home/pi/tap/common/loopback.py - INFO - Test_Logic_Reset
2015-06-18 23:46:23,027 - /home/pi/tap/common/loopback.py - INFO - Test_Logic_Reset
2015-06-18 23:46:23,428 - /home/pi/tap/common/loopback.py - INFO - Test_Logic_Reset
2015-06-18 23:46:23,830 - /home/pi/tap/common/loopback.py - INFO - Run_Test_Idle
2015-06-18 23:46:24,231 - /home/pi/tap/common/loopback.py - INFO - Select_DR_Scan
2015-06-18 23:46:24,633 - /home/pi/tap/common/loopback.py - INFO - Select_IR_Scan
2015-06-18 23:46:25,034 - /home/pi/tap/common/loopback.py - INFO - Capture_IR
2015-06-18 23:46:25,437 - /home/pi/tap/common/loopback.py - INFO - Shift_IR
2015-06-18 23:46:25,637 - tests.smoke.smoke.testReset2ShiftIR - INFO - [36m[1mDone with tests.smoke.smoke.testReset2ShiftIR

2015-06-18 23:46:44,140 - tests.smoke.smoke.testReset - INFO - [36m[1mRunning tests.smoke.smoke.testReset
2015-06-18 23:46:44,170 - tests.smoke.smoke.testReset - INFO - [36m[1mDone with tests.smoke.smoke.testReset

2015-06-18 23:46:44,195 - tests.smoke.smoke.testReset2ShiftIR - INFO - [36m[1mRunning tests.smoke.smoke.testReset2ShiftIR
2015-06-18 23:46:44,438 - /home/pi/tap/common/loopback.py - INFO - Test_Logic_Reset
2015-06-18 23:46:44,840 - /home/pi/tap/common/loopback.py - INFO - Test_Logic_Reset
2015-06-18 23:46:45,242 - /home/pi/tap/common/loopback.py - INFO - Test_Logic_Reset
2015-06-18 23:46:45,643 - /home/pi/tap/common/loopback.py - INFO - Test_Logic_Reset
2015-06-18 23:46:46,044 - /home/pi/tap/common/loopback.py - INFO - Test_Logic_Reset
2015-06-18 23:46:46,448 - /home/pi/tap/common/loopback.py - INFO - Run_Test_Idle
2015-06-18 23:46:46,847 - /home/pi/tap/common/loopback.py - INFO - Select_DR_Scan
2015-06-18 23:46:47,249 - /home/pi/tap/common/loopback.py - INFO - Select_IR_Scan
2015-06-18 23:46:47,650 - /home/pi/tap/common/loopback.py - INFO - Capture_IR
2015-06-18 23:46:48,052 - /home/pi/tap/common/loopback.py - INFO - Shift_IR
2015-06-18 23:46:48,253 - tests.smoke.smoke.testReset2ShiftIR - INFO - [36m[1mDone with tests.smoke.smoke.testReset2ShiftIR

2015-06-18 23:54:02,794 - tests.smoke.smoke.testReset - INFO - [36m[1mRunning tests.smoke.smoke.testReset
2015-06-18 23:54:02,825 - tests.smoke.smoke.testReset - INFO - [36m[1mDone with tests.smoke.smoke.testReset

2015-06-18 23:54:02,856 - tests.smoke.smoke.testReset2ShiftIR - INFO - [36m[1mRunning tests.smoke.smoke.testReset2ShiftIR
2015-06-18 23:54:03,096 - /home/pi/tap/common/loopback.py - INFO - Test_Logic_Reset
2015-06-18 23:54:03,497 - /home/pi/tap/common/loopback.py - INFO - Test_Logic_Reset
2015-06-18 23:54:03,899 - /home/pi/tap/common/loopback.py - INFO - Test_Logic_Reset
2015-06-18 23:54:04,300 - /home/pi/tap/common/loopback.py - INFO - Test_Logic_Reset
2015-06-18 23:54:04,702 - /home/pi/tap/common/loopback.py - INFO - Test_Logic_Reset
2015-06-18 23:54:05,103 - /home/pi/tap/common/loopback.py - INFO - Run_Test_Idle
2015-06-18 23:54:05,505 - /home/pi/tap/common/loopback.py - INFO - Select_DR_Scan
2015-06-18 23:54:05,906 - /home/pi/tap/common/loopback.py - INFO - Select_IR_Scan
2015-06-18 23:54:06,308 - /home/pi/tap/common/loopback.py - INFO - Capture_IR
2015-06-18 23:54:06,709 - /home/pi/tap/common/loopback.py - INFO - Shift_IR
2015-06-18 23:54:06,910 - tests.smoke.smoke.testReset2ShiftIR - INFO - [36m[1mDone with tests.smoke.smoke.testReset2ShiftIR

2015-06-18 23:56:03,145 - tests.smoke.smoke.testReset - INFO - [36m[1mRunning tests.smoke.smoke.testReset
2015-06-18 23:56:03,168 - tests.smoke.smoke.testReset - INFO - [36m[1mDone with tests.smoke.smoke.testReset

2015-06-18 23:56:03,199 - tests.smoke.smoke.testReset2ShiftIR - INFO - [36m[1mRunning tests.smoke.smoke.testReset2ShiftIR
2015-06-18 23:56:03,439 - /home/pi/tap/common/loopback.py - INFO - Test_Logic_Reset
2015-06-18 23:56:03,840 - /home/pi/tap/common/loopback.py - INFO - Test_Logic_Reset
2015-06-18 23:56:04,242 - /home/pi/tap/common/loopback.py - INFO - Test_Logic_Reset
2015-06-18 23:56:04,643 - /home/pi/tap/common/loopback.py - INFO - Test_Logic_Reset
2015-06-18 23:56:05,045 - /home/pi/tap/common/loopback.py - INFO - Test_Logic_Reset
2015-06-18 23:56:05,446 - /home/pi/tap/common/loopback.py - INFO - Run_Test_Idle
2015-06-18 23:56:05,848 - /home/pi/tap/common/loopback.py - INFO - Select_DR_Scan
2015-06-18 23:56:06,249 - /home/pi/tap/common/loopback.py - INFO - Select_IR_Scan
2015-06-18 23:56:06,650 - /home/pi/tap/common/loopback.py - INFO - Capture_IR
2015-06-18 23:56:07,052 - /home/pi/tap/common/loopback.py - INFO - Shift_IR
2015-06-18 23:56:07,253 - tests.smoke.smoke.testReset2ShiftIR - INFO - [36m[1mDone with tests.smoke.smoke.testReset2ShiftIR

2015-06-18 23:56:11,070 - tests.smoke.smoke.testReset - INFO - [36m[1mRunning tests.smoke.smoke.testReset
2015-06-18 23:56:11,105 - tests.smoke.smoke.testReset - INFO - [36m[1mDone with tests.smoke.smoke.testReset

2015-06-18 23:56:11,143 - tests.smoke.smoke.testReset2ShiftIR - INFO - [36m[1mRunning tests.smoke.smoke.testReset2ShiftIR
2015-06-18 23:56:11,363 - /home/pi/tap/common/loopback.py - INFO - Test_Logic_Reset
2015-06-18 23:56:11,765 - /home/pi/tap/common/loopback.py - INFO - Test_Logic_Reset
2015-06-18 23:56:12,166 - /home/pi/tap/common/loopback.py - INFO - Test_Logic_Reset
2015-06-18 23:56:12,568 - /home/pi/tap/common/loopback.py - INFO - Test_Logic_Reset
2015-06-18 23:56:12,969 - /home/pi/tap/common/loopback.py - INFO - Test_Logic_Reset
2015-06-18 23:56:13,371 - /home/pi/tap/common/loopback.py - INFO - Run_Test_Idle
2015-06-18 23:56:13,772 - /home/pi/tap/common/loopback.py - INFO - Select_DR_Scan
2015-06-18 23:56:14,174 - /home/pi/tap/common/loopback.py - INFO - Select_IR_Scan
2015-06-18 23:56:14,575 - /home/pi/tap/common/loopback.py - INFO - Capture_IR
2015-06-18 23:56:14,977 - /home/pi/tap/common/loopback.py - INFO - Shift_IR
2015-06-18 23:56:15,178 - tests.smoke.smoke.testReset2ShiftIR - INFO - [36m[1mDone with tests.smoke.smoke.testReset2ShiftIR

2015-06-18 23:57:01,911 - tests.smoke.smoke.testReset - INFO - [36m[1mRunning tests.smoke.smoke.testReset
2015-06-18 23:57:01,935 - tests.smoke.smoke.testReset - INFO - [36m[1mDone with tests.smoke.smoke.testReset

2015-06-18 23:57:01,964 - tests.smoke.smoke.testReset2ShiftIR - INFO - [36m[1mRunning tests.smoke.smoke.testReset2ShiftIR
2015-06-18 23:57:02,183 - /home/pi/tap/common/loopback.py - INFO - Test_Logic_Reset
2015-06-18 23:57:02,585 - /home/pi/tap/common/loopback.py - INFO - Test_Logic_Reset
2015-06-18 23:57:02,986 - /home/pi/tap/common/loopback.py - INFO - Test_Logic_Reset
2015-06-18 23:57:03,388 - /home/pi/tap/common/loopback.py - INFO - Test_Logic_Reset
2015-06-18 23:57:03,789 - /home/pi/tap/common/loopback.py - INFO - Test_Logic_Reset
2015-06-18 23:57:04,191 - /home/pi/tap/common/loopback.py - INFO - Run_Test_Idle
2015-06-18 23:57:04,592 - /home/pi/tap/common/loopback.py - INFO - Select_DR_Scan
2015-06-18 23:57:04,993 - /home/pi/tap/common/loopback.py - INFO - Select_IR_Scan
2015-06-18 23:57:05,395 - /home/pi/tap/common/loopback.py - INFO - Capture_IR
2015-06-18 23:57:05,796 - /home/pi/tap/common/loopback.py - INFO - Shift_IR
2015-06-18 23:57:05,998 - tests.smoke.smoke.testReset2ShiftIR - INFO - [36m[1mDone with tests.smoke.smoke.testReset2ShiftIR

2015-06-18 23:57:56,251 - tests.smoke.smoke.testReset - INFO - [36m[1mRunning tests.smoke.smoke.testReset
2015-06-18 23:57:56,269 - tests.smoke.smoke.testReset - INFO - [36m[1mDone with tests.smoke.smoke.testReset

2015-06-18 23:57:56,308 - tests.smoke.smoke.testReset2ShiftIR - INFO - [36m[1mRunning tests.smoke.smoke.testReset2ShiftIR
2015-06-18 23:57:56,523 - /home/pi/tap/common/loopback.py - INFO - Test_Logic_Reset
2015-06-18 23:57:56,925 - /home/pi/tap/common/loopback.py - INFO - Test_Logic_Reset
2015-06-18 23:57:57,326 - /home/pi/tap/common/loopback.py - INFO - Test_Logic_Reset
2015-06-18 23:57:57,727 - /home/pi/tap/common/loopback.py - INFO - Test_Logic_Reset
2015-06-18 23:57:58,129 - /home/pi/tap/common/loopback.py - INFO - Test_Logic_Reset
2015-06-18 23:57:58,330 - tests.smoke.smoke.testReset2ShiftIR - INFO - [36m[1mDone with tests.smoke.smoke.testReset2ShiftIR

2015-06-18 23:58:36,737 - tests.smoke.smoke.testReset - INFO - [36m[1mRunning tests.smoke.smoke.testReset
2015-06-18 23:58:36,770 - tests.smoke.smoke.testReset - INFO - [36m[1mDone with tests.smoke.smoke.testReset

2015-06-18 23:58:36,793 - tests.smoke.smoke.testReset2ShiftIR - INFO - [36m[1mRunning tests.smoke.smoke.testReset2ShiftIR
2015-06-18 23:58:37,020 - /home/pi/tap/common/loopback.py - INFO - Test_Logic_Reset
2015-06-18 23:58:37,422 - /home/pi/tap/common/loopback.py - INFO - Test_Logic_Reset
2015-06-18 23:58:37,823 - /home/pi/tap/common/loopback.py - INFO - Test_Logic_Reset
2015-06-18 23:58:38,225 - /home/pi/tap/common/loopback.py - INFO - Test_Logic_Reset
2015-06-18 23:58:38,626 - /home/pi/tap/common/loopback.py - INFO - Test_Logic_Reset
2015-06-18 23:58:38,837 - tests.smoke.smoke.testReset2ShiftIR - INFO - [36m[1mDone with tests.smoke.smoke.testReset2ShiftIR

2015-06-19 00:00:14,342 - tests.smoke.smoke.testReadDeviceCode - INFO - [36m[1mRunning tests.smoke.smoke.testReadDeviceCode
2015-06-19 00:00:14,377 - tests.smoke.smoke.testReadDeviceCode - INFO - [36m[1mDone with tests.smoke.smoke.testReadDeviceCode

2015-06-19 00:00:14,399 - tests.smoke.smoke.testReset - INFO - [36m[1mRunning tests.smoke.smoke.testReset
2015-06-19 00:00:14,613 - /home/pi/tap/common/loopback.py - INFO - Test_Logic_Reset
2015-06-19 00:00:15,015 - /home/pi/tap/common/loopback.py - INFO - Test_Logic_Reset
2015-06-19 00:00:15,416 - /home/pi/tap/common/loopback.py - INFO - Test_Logic_Reset
2015-06-19 00:00:15,817 - /home/pi/tap/common/loopback.py - INFO - Test_Logic_Reset
2015-06-19 00:00:16,219 - /home/pi/tap/common/loopback.py - INFO - Test_Logic_Reset
2015-06-19 00:00:16,427 - tests.smoke.smoke.testReset - INFO - [36m[1mDone with tests.smoke.smoke.testReset

2015-06-19 00:00:16,435 - tests.smoke.smoke.testReset2ShiftIR - INFO - [36m[1mRunning tests.smoke.smoke.testReset2ShiftIR
2015-06-19 00:00:16,661 - /home/pi/tap/common/loopback.py - INFO - Test_Logic_Reset
2015-06-19 00:00:17,061 - /home/pi/tap/common/loopback.py - INFO - Test_Logic_Reset
2015-06-19 00:00:17,463 - /home/pi/tap/common/loopback.py - INFO - Test_Logic_Reset
2015-06-19 00:00:17,864 - /home/pi/tap/common/loopback.py - INFO - Test_Logic_Reset
2015-06-19 00:00:18,266 - /home/pi/tap/common/loopback.py - INFO - Test_Logic_Reset
2015-06-19 00:00:18,477 - tests.smoke.smoke.testReset2ShiftIR - INFO - [36m[1mDone with tests.smoke.smoke.testReset2ShiftIR

2015-06-19 00:08:58,584 - tests.smoke.smoke.testReadDeviceCode - INFO - [36m[1mRunning tests.smoke.smoke.testReadDeviceCode
2015-06-19 00:08:58,615 - tests.smoke.smoke.testReadDeviceCode - INFO - [36m[1mDone with tests.smoke.smoke.testReadDeviceCode

2015-06-19 00:08:58,636 - tests.smoke.smoke.testReset - INFO - [36m[1mRunning tests.smoke.smoke.testReset
2015-06-19 00:08:58,855 - /home/pi/tap/common/loopback.py - INFO - Test_Logic_Reset
2015-06-19 00:08:59,156 - /home/pi/tap/common/loopback.py - INFO - Test_Logic_Reset
2015-06-19 00:08:59,459 - /home/pi/tap/common/loopback.py - INFO - Test_Logic_Reset
2015-06-19 00:08:59,759 - /home/pi/tap/common/loopback.py - INFO - Test_Logic_Reset
2015-06-19 00:09:00,060 - /home/pi/tap/common/loopback.py - INFO - Test_Logic_Reset
2015-06-19 00:09:00,167 - tests.smoke.smoke.testReset - INFO - [36m[1mDone with tests.smoke.smoke.testReset

2015-06-19 00:09:00,182 - tests.smoke.smoke.testReset2ShiftIR - INFO - [36m[1mRunning tests.smoke.smoke.testReset2ShiftIR
2015-06-19 00:09:00,410 - /home/pi/tap/common/loopback.py - INFO - Test_Logic_Reset
2015-06-19 00:09:00,711 - /home/pi/tap/common/loopback.py - INFO - Test_Logic_Reset
2015-06-19 00:09:01,012 - /home/pi/tap/common/loopback.py - INFO - Test_Logic_Reset
2015-06-19 00:09:01,313 - /home/pi/tap/common/loopback.py - INFO - Test_Logic_Reset
2015-06-19 00:09:01,614 - /home/pi/tap/common/loopback.py - INFO - Test_Logic_Reset
2015-06-19 00:09:01,727 - tests.smoke.smoke.testReset2ShiftIR - INFO - [36m[1mDone with tests.smoke.smoke.testReset2ShiftIR

2015-06-19 00:10:13,265 - tests.smoke.smoke.testReadDeviceCode - INFO - [36m[1mRunning tests.smoke.smoke.testReadDeviceCode
2015-06-19 00:10:13,293 - tests.smoke.smoke.testReadDeviceCode - INFO - [36m[1mDone with tests.smoke.smoke.testReadDeviceCode

2015-06-19 00:10:13,318 - tests.smoke.smoke.testReset - INFO - [36m[1mRunning tests.smoke.smoke.testReset
2015-06-19 00:10:13,349 - tests.smoke.smoke.testReset - INFO - [36m[1mDone with tests.smoke.smoke.testReset

2015-06-19 00:10:13,378 - tests.smoke.smoke.testReset2ShiftIR - INFO - [36m[1mRunning tests.smoke.smoke.testReset2ShiftIR
2015-06-19 00:10:13,430 - tests.smoke.smoke.testReset2ShiftIR - INFO - [36m[1mDone with tests.smoke.smoke.testReset2ShiftIR

2015-06-19 00:10:57,545 - tests.smoke.smoke.testReadDeviceCode - INFO - [36m[1mRunning tests.smoke.smoke.testReadDeviceCode
2015-06-19 00:10:57,576 - tests.smoke.smoke.testReadDeviceCode - INFO - [36m[1mDone with tests.smoke.smoke.testReadDeviceCode

2015-06-19 00:10:57,608 - tests.smoke.smoke.testReset - INFO - [36m[1mRunning tests.smoke.smoke.testReset
2015-06-19 00:10:57,623 - tests.smoke.smoke.testReset - INFO - [36m[1mDone with tests.smoke.smoke.testReset

2015-06-19 00:10:57,664 - tests.smoke.smoke.testReset2ShiftIR - INFO - [36m[1mRunning tests.smoke.smoke.testReset2ShiftIR
2015-06-19 00:10:57,694 - tests.smoke.smoke.testReset2ShiftIR - INFO - [36m[1mDone with tests.smoke.smoke.testReset2ShiftIR

2015-06-19 00:11:59,392 - tests.smoke.smoke.testReadDeviceCode - INFO - [36m[1mRunning tests.smoke.smoke.testReadDeviceCode
2015-06-19 00:11:59,415 - tests.smoke.smoke.testReadDeviceCode - INFO - [36m[1mDone with tests.smoke.smoke.testReadDeviceCode

2015-06-19 00:11:59,449 - tests.smoke.smoke.testReset - INFO - [36m[1mRunning tests.smoke.smoke.testReset
2015-06-19 00:11:59,463 - tests.smoke.smoke.testReset - INFO - [36m[1mDone with tests.smoke.smoke.testReset

2015-06-19 00:11:59,502 - tests.smoke.smoke.testReset2ShiftIR - INFO - [36m[1mRunning tests.smoke.smoke.testReset2ShiftIR
2015-06-19 00:11:59,529 - tests.smoke.smoke.testReset2ShiftIR - INFO - [36m[1mDone with tests.smoke.smoke.testReset2ShiftIR

2015-06-19 01:56:57,617 - tests.smoke.smoke.testReadDeviceCode - INFO - [36m[1mRunning tests.smoke.smoke.testReadDeviceCode
2015-06-19 01:56:57,622 - tests.smoke.smoke.testReadDeviceCode - INFO - [36m[1mDone with tests.smoke.smoke.testReadDeviceCode

2015-06-19 01:56:57,625 - tests.smoke.smoke.testReset - INFO - [36m[1mRunning tests.smoke.smoke.testReset
2015-06-19 01:56:57,629 - tests.smoke.smoke.testReset - INFO - [36m[1mDone with tests.smoke.smoke.testReset

2015-06-19 01:56:57,632 - tests.smoke.smoke.testReset2ShiftIR - INFO - [36m[1mRunning tests.smoke.smoke.testReset2ShiftIR
2015-06-19 01:56:57,637 - tests.smoke.smoke.testReset2ShiftIR - INFO - [36m[1mDone with tests.smoke.smoke.testReset2ShiftIR

2015-06-19 02:09:16,330 - tests.smoke.smoke.testReadDeviceCode - INFO - [36m[1mRunning tests.smoke.smoke.testReadDeviceCode
2015-06-19 02:09:16,334 - tests.smoke.smoke.testReadDeviceCode - INFO - [36m[1mDone with tests.smoke.smoke.testReadDeviceCode

2015-06-19 02:09:16,337 - tests.smoke.smoke.testReset - INFO - [36m[1mRunning tests.smoke.smoke.testReset
2015-06-19 02:09:16,341 - tests.smoke.smoke.testReset - INFO - [36m[1mDone with tests.smoke.smoke.testReset

2015-06-19 02:09:16,343 - tests.smoke.smoke.testReset2ShiftIR - INFO - [36m[1mRunning tests.smoke.smoke.testReset2ShiftIR
2015-06-19 02:09:16,347 - tests.smoke.smoke.testReset2ShiftIR - INFO - [36m[1mDone with tests.smoke.smoke.testReset2ShiftIR

2015-06-28 19:11:11,784 - tests.smoke.smoke.testReadDeviceCode - INFO - [36m[1mRunning tests.smoke.smoke.testReadDeviceCode
2015-06-28 19:11:11,802 - tests.smoke.smoke.testReset - INFO - [36m[1mRunning tests.smoke.smoke.testReset
2015-06-28 19:11:11,805 - tests.smoke.smoke.testReset2ShiftIR - INFO - [36m[1mRunning tests.smoke.smoke.testReset2ShiftIR
2015-06-28 19:11:17,520 - tests.smoke.smoke.testReadDeviceCode - INFO - [36m[1mRunning tests.smoke.smoke.testReadDeviceCode
2015-06-28 19:11:17,524 - tests.smoke.smoke.testReadDeviceCode - INFO - [36m[1mDone with tests.smoke.smoke.testReadDeviceCode

2015-06-28 19:11:17,528 - tests.smoke.smoke.testReset - INFO - [36m[1mRunning tests.smoke.smoke.testReset
2015-06-28 19:11:17,540 - tests.smoke.smoke.testReset - INFO - [36m[1mDone with tests.smoke.smoke.testReset

2015-06-28 19:11:17,543 - tests.smoke.smoke.testReset2ShiftIR - INFO - [36m[1mRunning tests.smoke.smoke.testReset2ShiftIR
2015-06-28 19:11:17,548 - tests.smoke.smoke.testReset2ShiftIR - INFO - [36m[1mDone with tests.smoke.smoke.testReset2ShiftIR

2015-06-28 19:12:44,513 - tests.smoke.smoke.testReadDeviceCode - INFO - [36m[1mRunning tests.smoke.smoke.testReadDeviceCode
2015-06-28 19:12:44,517 - tests.smoke.smoke.testReadDeviceCode - INFO - [36m[1mDone with tests.smoke.smoke.testReadDeviceCode

2015-06-28 19:12:44,520 - tests.smoke.smoke.testReset - INFO - [36m[1mRunning tests.smoke.smoke.testReset
2015-06-28 19:12:44,524 - tests.smoke.smoke.testReset - INFO - [36m[1mDone with tests.smoke.smoke.testReset

2015-06-28 19:12:44,526 - tests.smoke.smoke.testReset2ShiftIR - INFO - [36m[1mRunning tests.smoke.smoke.testReset2ShiftIR
2015-06-28 19:12:44,530 - tests.smoke.smoke.testReset2ShiftIR - INFO - [36m[1mDone with tests.smoke.smoke.testReset2ShiftIR

2015-06-28 19:13:03,900 - tests.smoke.smoke.testReadDeviceCode - INFO - [36m[1mRunning tests.smoke.smoke.testReadDeviceCode
2015-06-28 19:13:03,904 - tests.smoke.smoke.testReadDeviceCode - INFO - [36m[1mDone with tests.smoke.smoke.testReadDeviceCode

2015-06-28 19:13:03,906 - tests.smoke.smoke.testReset - INFO - [36m[1mRunning tests.smoke.smoke.testReset
2015-06-28 19:13:03,910 - tests.smoke.smoke.testReset - INFO - [36m[1mDone with tests.smoke.smoke.testReset

2015-06-28 19:13:03,912 - tests.smoke.smoke.testReset2ShiftIR - INFO - [36m[1mRunning tests.smoke.smoke.testReset2ShiftIR
2015-06-28 19:13:03,916 - tests.smoke.smoke.testReset2ShiftIR - INFO - [36m[1mDone with tests.smoke.smoke.testReset2ShiftIR

2015-06-28 19:30:38,115 - tests.smoke.smoke.testReadDeviceCode - INFO - [36m[1mRunning tests.smoke.smoke.testReadDeviceCode
2015-06-28 19:30:38,119 - tests.smoke.smoke.testReadDeviceCode - INFO - [36m[1mDone with tests.smoke.smoke.testReadDeviceCode

2015-06-28 19:30:38,122 - tests.smoke.smoke.testReset - INFO - [36m[1mRunning tests.smoke.smoke.testReset
2015-06-28 19:30:38,125 - tests.smoke.smoke.testReset - INFO - [36m[1mDone with tests.smoke.smoke.testReset

2015-06-28 19:30:38,128 - tests.smoke.smoke.testReset2ShiftIR - INFO - [36m[1mRunning tests.smoke.smoke.testReset2ShiftIR
2015-06-28 19:30:38,132 - tests.smoke.smoke.testReset2ShiftIR - INFO - [36m[1mDone with tests.smoke.smoke.testReset2ShiftIR

2017-05-09 05:20:29,812 - tests.smoke.smoke.testExit1IR2ShiftDR - INFO - [36m[1mRunning tests.smoke.smoke.testExit1IR2ShiftDR
2017-05-09 05:20:29,823 - tests.smoke.smoke.testExit1IR2ShiftDR - INFO - [36m[1mDone with tests.smoke.smoke.testExit1IR2ShiftDR

2017-05-09 05:20:29,826 - tests.smoke.smoke.testReadDeviceCode - INFO - [36m[1mRunning tests.smoke.smoke.testReadDeviceCode
2017-05-09 05:20:29,830 - tests.smoke.smoke.testReadDeviceCode - INFO - [36m[1mDone with tests.smoke.smoke.testReadDeviceCode

2017-05-09 05:20:29,832 - tests.smoke.smoke.testReset - INFO - [36m[1mRunning tests.smoke.smoke.testReset
2017-05-09 05:20:29,834 - tests.smoke.smoke.testReset - INFO - [36m[1mDone with tests.smoke.smoke.testReset

2017-05-09 05:20:29,837 - tests.smoke.smoke.testReset2ShiftIR - INFO - [36m[1mRunning tests.smoke.smoke.testReset2ShiftIR
2017-05-09 05:20:29,840 - tests.smoke.smoke.testReset2ShiftIR - INFO - [36m[1mDone with tests.smoke.smoke.testReset2ShiftIR

2017-05-09 05:23:04,429 - tests.smoke.smoke.testExit1IR2ShiftDR - INFO - [36m[1mRunning tests.smoke.smoke.testExit1IR2ShiftDR
2017-05-09 05:23:04,435 - tests.smoke.smoke.testExit1IR2ShiftDR - INFO - [36m[1mDone with tests.smoke.smoke.testExit1IR2ShiftDR

2017-05-09 05:23:04,447 - tests.smoke.smoke.testReadDeviceCode - INFO - [36m[1mRunning tests.smoke.smoke.testReadDeviceCode
2017-05-09 05:23:04,452 - tests.smoke.smoke.testReadDeviceCode - INFO - [36m[1mDone with tests.smoke.smoke.testReadDeviceCode

2017-05-09 05:23:04,455 - tests.smoke.smoke.testReset - INFO - [36m[1mRunning tests.smoke.smoke.testReset
2017-05-09 05:23:04,466 - tests.smoke.smoke.testReset - INFO - [36m[1mDone with tests.smoke.smoke.testReset

2017-05-09 05:23:04,475 - tests.smoke.smoke.testReset2ShiftIR - INFO - [36m[1mRunning tests.smoke.smoke.testReset2ShiftIR
2017-05-09 05:23:04,490 - tests.smoke.smoke.testReset2ShiftIR - INFO - [36m[1mDone with tests.smoke.smoke.testReset2ShiftIR

2017-05-09 05:24:22,348 - tests.smoke.smoke.testExit1IR2ShiftDR - INFO - [36m[1mRunning tests.smoke.smoke.testExit1IR2ShiftDR
2017-05-09 05:24:22,452 - /home/pi/proj1/proj1_rel/tap/common/loopback.py - INFO - Test_Logic_Reset
2017-05-09 05:24:22,653 - /home/pi/proj1/proj1_rel/tap/common/loopback.py - INFO - Test_Logic_Reset
2017-05-09 05:24:22,853 - /home/pi/proj1/proj1_rel/tap/common/loopback.py - INFO - Test_Logic_Reset
2017-05-09 05:24:23,054 - /home/pi/proj1/proj1_rel/tap/common/loopback.py - INFO - Test_Logic_Reset
2017-05-09 05:24:23,254 - /home/pi/proj1/proj1_rel/tap/common/loopback.py - INFO - Test_Logic_Reset
2017-05-09 05:24:23,454 - /home/pi/proj1/proj1_rel/tap/common/loopback.py - INFO - Test_Logic_Reset
2017-05-09 05:24:23,655 - /home/pi/proj1/proj1_rel/tap/common/loopback.py - INFO - Run_Test_Idle
2017-05-09 05:24:23,855 - /home/pi/proj1/proj1_rel/tap/common/loopback.py - INFO - Select_DR_Scan
2017-05-09 05:24:24,056 - /home/pi/proj1/proj1_rel/tap/common/loopback.py - INFO - Select_IR_Scan
2017-05-09 05:24:24,256 - /home/pi/proj1/proj1_rel/tap/common/loopback.py - INFO - Capture_IR
2017-05-09 05:24:24,456 - /home/pi/proj1/proj1_rel/tap/common/loopback.py - INFO - Shift_IR
2017-05-09 05:24:24,657 - /home/pi/proj1/proj1_rel/tap/common/loopback.py - INFO - Shift_IR
2017-05-09 05:24:24,857 - /home/pi/proj1/proj1_rel/tap/common/loopback.py - INFO - Exit1_IR
2017-05-09 05:24:25,058 - /home/pi/proj1/proj1_rel/tap/common/loopback.py - INFO - Update_IR
2017-05-09 05:24:25,258 - /home/pi/proj1/proj1_rel/tap/common/loopback.py - INFO - Select_DR_Scan
2017-05-09 05:24:25,458 - /home/pi/proj1/proj1_rel/tap/common/loopback.py - INFO - Capture_DR
2017-05-09 05:24:25,659 - /home/pi/proj1/proj1_rel/tap/common/loopback.py - INFO - Shift_DR
2017-05-09 05:24:25,759 - tests.smoke.smoke.testExit1IR2ShiftDR - INFO - [36m[1mDone with tests.smoke.smoke.testExit1IR2ShiftDR

2017-05-09 05:24:25,761 - tests.smoke.smoke.testReadDeviceCode - INFO - [36m[1mRunning tests.smoke.smoke.testReadDeviceCode
2017-05-09 05:24:25,865 - /home/pi/proj1/proj1_rel/tap/common/loopback.py - INFO - Test_Logic_Reset
2017-05-09 05:24:26,065 - /home/pi/proj1/proj1_rel/tap/common/loopback.py - INFO - Test_Logic_Reset
2017-05-09 05:24:26,265 - /home/pi/proj1/proj1_rel/tap/common/loopback.py - INFO - Test_Logic_Reset
2017-05-09 05:24:26,466 - /home/pi/proj1/proj1_rel/tap/common/loopback.py - INFO - Test_Logic_Reset
2017-05-09 05:24:26,666 - /home/pi/proj1/proj1_rel/tap/common/loopback.py - INFO - Test_Logic_Reset
2017-05-09 05:24:26,867 - /home/pi/proj1/proj1_rel/tap/common/loopback.py - INFO - Test_Logic_Reset
2017-05-09 05:24:27,067 - /home/pi/proj1/proj1_rel/tap/common/loopback.py - INFO - Run_Test_Idle
2017-05-09 05:24:27,267 - /home/pi/proj1/proj1_rel/tap/common/loopback.py - INFO - Select_DR_Scan
2017-05-09 05:24:27,468 - /home/pi/proj1/proj1_rel/tap/common/loopback.py - INFO - Select_IR_Scan
2017-05-09 05:24:27,668 - /home/pi/proj1/proj1_rel/tap/common/loopback.py - INFO - Capture_IR
2017-05-09 05:24:27,869 - /home/pi/proj1/proj1_rel/tap/common/loopback.py - INFO - Shift_IR
2017-05-09 05:24:28,069 - /home/pi/proj1/proj1_rel/tap/common/loopback.py - INFO - Shift_IR
2017-05-09 05:24:28,270 - /home/pi/proj1/proj1_rel/tap/common/loopback.py - INFO - Shift_IR
2017-05-09 05:24:28,470 - /home/pi/proj1/proj1_rel/tap/common/loopback.py - INFO - Shift_IR
2017-05-09 05:24:28,671 - /home/pi/proj1/proj1_rel/tap/common/loopback.py - INFO - Shift_IR
2017-05-09 05:24:28,872 - /home/pi/proj1/proj1_rel/tap/common/loopback.py - INFO - Shift_IR
2017-05-09 05:24:29,072 - /home/pi/proj1/proj1_rel/tap/common/loopback.py - INFO - Shift_IR
2017-05-09 05:24:29,273 - /home/pi/proj1/proj1_rel/tap/common/loopback.py - INFO - Exit1_IR
2017-05-09 05:24:29,473 - /home/pi/proj1/proj1_rel/tap/common/loopback.py - INFO - Update_IR
2017-05-09 05:24:29,674 - /home/pi/proj1/proj1_rel/tap/common/loopback.py - INFO - Select_DR_Scan
2017-05-09 05:24:29,874 - /home/pi/proj1/proj1_rel/tap/common/loopback.py - INFO - Capture_DR
2017-05-09 05:24:30,075 - /home/pi/proj1/proj1_rel/tap/common/loopback.py - INFO - Shift_DR
2017-05-09 05:24:30,275 - /home/pi/proj1/proj1_rel/tap/common/loopback.py - INFO - Shift_DR
2017-05-09 05:24:30,475 - /home/pi/proj1/proj1_rel/tap/common/loopback.py - INFO - Shift_DR
2017-05-09 05:24:30,676 - /home/pi/proj1/proj1_rel/tap/common/loopback.py - INFO - Shift_DR
2017-05-09 05:24:30,877 - /home/pi/proj1/proj1_rel/tap/common/loopback.py - INFO - Shift_DR
2017-05-09 05:24:31,077 - /home/pi/proj1/proj1_rel/tap/common/loopback.py - INFO - Shift_DR
2017-05-09 05:24:31,278 - /home/pi/proj1/proj1_rel/tap/common/loopback.py - INFO - Shift_DR
2017-05-09 05:24:31,478 - /home/pi/proj1/proj1_rel/tap/common/loopback.py - INFO - Shift_DR
2017-05-09 05:24:31,679 - /home/pi/proj1/proj1_rel/tap/common/loopback.py - INFO - Shift_DR
2017-05-09 05:24:31,880 - /home/pi/proj1/proj1_rel/tap/common/loopback.py - INFO - Shift_DR
2017-05-09 05:24:32,080 - /home/pi/proj1/proj1_rel/tap/common/loopback.py - INFO - Shift_DR
2017-05-09 05:24:32,281 - /home/pi/proj1/proj1_rel/tap/common/loopback.py - INFO - Shift_DR
2017-05-09 05:24:32,481 - /home/pi/proj1/proj1_rel/tap/common/loopback.py - INFO - Shift_DR
2017-05-09 05:24:32,682 - /home/pi/proj1/proj1_rel/tap/common/loopback.py - INFO - Shift_DR
2017-05-09 05:24:32,882 - /home/pi/proj1/proj1_rel/tap/common/loopback.py - INFO - Shift_DR
2017-05-09 05:24:33,083 - /home/pi/proj1/proj1_rel/tap/common/loopback.py - INFO - Shift_DR
2017-05-09 05:24:33,284 - /home/pi/proj1/proj1_rel/tap/common/loopback.py - INFO - Shift_DR
2017-05-09 05:24:33,484 - /home/pi/proj1/proj1_rel/tap/common/loopback.py - INFO - Shift_DR
2017-05-09 05:24:33,685 - /home/pi/proj1/proj1_rel/tap/common/loopback.py - INFO - Shift_DR
2017-05-09 05:24:33,885 - /home/pi/proj1/proj1_rel/tap/common/loopback.py - INFO - Shift_DR
2017-05-09 05:24:34,086 - /home/pi/proj1/proj1_rel/tap/common/loopback.py - INFO - Shift_DR
2017-05-09 05:24:34,287 - /home/pi/proj1/proj1_rel/tap/common/loopback.py - INFO - Shift_DR
2017-05-09 05:24:34,487 - /home/pi/proj1/proj1_rel/tap/common/loopback.py - INFO - Shift_DR
2017-05-09 05:24:34,688 - /home/pi/proj1/proj1_rel/tap/common/loopback.py - INFO - Shift_DR
2017-05-09 05:24:34,888 - /home/pi/proj1/proj1_rel/tap/common/loopback.py - INFO - Shift_DR
2017-05-09 05:24:35,089 - /home/pi/proj1/proj1_rel/tap/common/loopback.py - INFO - Shift_DR
2017-05-09 05:24:35,289 - /home/pi/proj1/proj1_rel/tap/common/loopback.py - INFO - Shift_DR
2017-05-09 05:24:35,490 - /home/pi/proj1/proj1_rel/tap/common/loopback.py - INFO - Shift_DR
2017-05-09 05:24:35,691 - /home/pi/proj1/proj1_rel/tap/common/loopback.py - INFO - Shift_DR
2017-05-09 05:24:35,891 - /home/pi/proj1/proj1_rel/tap/common/loopback.py - INFO - Shift_DR
2017-05-09 05:24:36,096 - /home/pi/proj1/proj1_rel/tap/common/loopback.py - INFO - Shift_DR
2017-05-09 05:24:36,292 - /home/pi/proj1/proj1_rel/tap/common/loopback.py - INFO - Shift_DR
2017-05-09 05:24:36,493 - /home/pi/proj1/proj1_rel/tap/common/loopback.py - INFO - Exit1_DR
2017-05-09 05:24:36,594 - tests.smoke.smoke.testReadDeviceCode - INFO - [36m[1mDone with tests.smoke.smoke.testReadDeviceCode

2017-05-09 05:24:36,595 - tests.smoke.smoke.testReset - INFO - [36m[1mRunning tests.smoke.smoke.testReset
2017-05-09 05:24:36,698 - /home/pi/proj1/proj1_rel/tap/common/loopback.py - INFO - Test_Logic_Reset
2017-05-09 05:24:36,898 - /home/pi/proj1/proj1_rel/tap/common/loopback.py - INFO - Test_Logic_Reset
2017-05-09 05:24:37,099 - /home/pi/proj1/proj1_rel/tap/common/loopback.py - INFO - Test_Logic_Reset
2017-05-09 05:24:37,299 - /home/pi/proj1/proj1_rel/tap/common/loopback.py - INFO - Test_Logic_Reset
2017-05-09 05:24:37,500 - /home/pi/proj1/proj1_rel/tap/common/loopback.py - INFO - Test_Logic_Reset
2017-05-09 05:24:37,700 - /home/pi/proj1/proj1_rel/tap/common/loopback.py - INFO - Test_Logic_Reset
2017-05-09 05:24:37,801 - tests.smoke.smoke.testReset - INFO - [36m[1mDone with tests.smoke.smoke.testReset

2017-05-09 05:24:37,803 - tests.smoke.smoke.testReset2ShiftIR - INFO - [36m[1mRunning tests.smoke.smoke.testReset2ShiftIR
2017-05-09 05:24:37,905 - /home/pi/proj1/proj1_rel/tap/common/loopback.py - INFO - Test_Logic_Reset
2017-05-09 05:24:38,106 - /home/pi/proj1/proj1_rel/tap/common/loopback.py - INFO - Test_Logic_Reset
2017-05-09 05:24:38,306 - /home/pi/proj1/proj1_rel/tap/common/loopback.py - INFO - Test_Logic_Reset
2017-05-09 05:24:38,507 - /home/pi/proj1/proj1_rel/tap/common/loopback.py - INFO - Test_Logic_Reset
2017-05-09 05:24:38,707 - /home/pi/proj1/proj1_rel/tap/common/loopback.py - INFO - Test_Logic_Reset
2017-05-09 05:24:38,907 - /home/pi/proj1/proj1_rel/tap/common/loopback.py - INFO - Test_Logic_Reset
2017-05-09 05:24:39,108 - /home/pi/proj1/proj1_rel/tap/common/loopback.py - INFO - Run_Test_Idle
2017-05-09 05:24:39,308 - /home/pi/proj1/proj1_rel/tap/common/loopback.py - INFO - Select_DR_Scan
2017-05-09 05:24:39,509 - /home/pi/proj1/proj1_rel/tap/common/loopback.py - INFO - Select_IR_Scan
2017-05-09 05:24:39,709 - /home/pi/proj1/proj1_rel/tap/common/loopback.py - INFO - Capture_IR
2017-05-09 05:24:39,909 - /home/pi/proj1/proj1_rel/tap/common/loopback.py - INFO - Shift_IR
2017-05-09 05:24:40,110 - /home/pi/proj1/proj1_rel/tap/common/loopback.py - INFO - Shift_IR
2017-05-09 05:24:40,210 - tests.smoke.smoke.testReset2ShiftIR - INFO - [36m[1mDone with tests.smoke.smoke.testReset2ShiftIR

